{"/Users/lucaszluhan/Documents/Growdev5e/modulo7/trabalho-final-m7/src/core/domain/errors/domainError.ts": {"path":"/Users/lucaszluhan/Documents/Growdev5e/modulo7/trabalho-final-m7/src/core/domain/errors/domainError.ts","all":false,"statementMap":{"0":{"start":{"line":1,"column":0},"end":{"line":1,"column":48}},"1":{"start":{"line":2,"column":0},"end":{"line":2,"column":32}},"2":{"start":{"line":3,"column":0},"end":{"line":3,"column":0}},"3":{"start":{"line":4,"column":0},"end":{"line":4,"column":46}},"4":{"start":{"line":5,"column":0},"end":{"line":5,"column":19}},"5":{"start":{"line":6,"column":0},"end":{"line":6,"column":32}},"6":{"start":{"line":7,"column":0},"end":{"line":7,"column":30}},"7":{"start":{"line":8,"column":0},"end":{"line":8,"column":4}},"8":{"start":{"line":9,"column":0},"end":{"line":9,"column":1}}},"s":{"0":1,"1":1,"2":1,"3":1,"4":2,"5":2,"6":2,"7":2,"8":1},"branchMap":{"0":{"type":"branch","line":4,"loc":{"start":{"line":4,"column":3},"end":{"line":8,"column":4}},"locations":[{"start":{"line":4,"column":3},"end":{"line":8,"column":4}}]},"1":{"type":"branch","line":7,"loc":{"start":{"line":7,"column":22},"end":{"line":7,"column":29}},"locations":[{"start":{"line":7,"column":22},"end":{"line":7,"column":29}}]}},"b":{"0":[2],"1":[0]},"fnMap":{"0":{"name":"DomainError","decl":{"start":{"line":4,"column":3},"end":{"line":8,"column":4}},"loc":{"start":{"line":4,"column":3},"end":{"line":8,"column":4}},"line":4}},"f":{"0":2}}
,"/Users/lucaszluhan/Documents/Growdev5e/modulo7/trabalho-final-m7/src/core/domain/errors/notFoundError.ts": {"path":"/Users/lucaszluhan/Documents/Growdev5e/modulo7/trabalho-final-m7/src/core/domain/errors/notFoundError.ts","all":false,"statementMap":{"0":{"start":{"line":1,"column":0},"end":{"line":1,"column":40}},"1":{"start":{"line":2,"column":0},"end":{"line":2,"column":0}},"2":{"start":{"line":3,"column":0},"end":{"line":3,"column":56}},"3":{"start":{"line":4,"column":0},"end":{"line":4,"column":30}},"4":{"start":{"line":5,"column":0},"end":{"line":5,"column":39}},"5":{"start":{"line":6,"column":0},"end":{"line":6,"column":34}},"6":{"start":{"line":7,"column":0},"end":{"line":7,"column":4}},"7":{"start":{"line":8,"column":0},"end":{"line":8,"column":1}}},"s":{"0":1,"1":1,"2":1,"3":1,"4":1,"5":1,"6":1,"7":1},"branchMap":{"0":{"type":"branch","line":4,"loc":{"start":{"line":4,"column":3},"end":{"line":7,"column":4}},"locations":[{"start":{"line":4,"column":3},"end":{"line":7,"column":4}}]}},"b":{"0":[1]},"fnMap":{"0":{"name":"NotFoundError","decl":{"start":{"line":4,"column":3},"end":{"line":7,"column":4}},"loc":{"start":{"line":4,"column":3},"end":{"line":7,"column":4}},"line":4}},"f":{"0":1}}
,"/Users/lucaszluhan/Documents/Growdev5e/modulo7/trabalho-final-m7/src/core/infra/database/connections/connections.ts": {"path":"/Users/lucaszluhan/Documents/Growdev5e/modulo7/trabalho-final-m7/src/core/infra/database/connections/connections.ts","all":false,"statementMap":{"0":{"start":{"line":1,"column":0},"end":{"line":1,"column":55}},"1":{"start":{"line":2,"column":0},"end":{"line":2,"column":0}},"2":{"start":{"line":3,"column":0},"end":{"line":3,"column":41}},"3":{"start":{"line":4,"column":0},"end":{"line":4,"column":42}},"4":{"start":{"line":5,"column":0},"end":{"line":5,"column":0}},"5":{"start":{"line":6,"column":0},"end":{"line":6,"column":27}},"6":{"start":{"line":7,"column":0},"end":{"line":7,"column":30}},"7":{"start":{"line":8,"column":0},"end":{"line":8,"column":46}},"8":{"start":{"line":9,"column":0},"end":{"line":9,"column":7}},"9":{"start":{"line":10,"column":0},"end":{"line":10,"column":30}},"10":{"start":{"line":11,"column":0},"end":{"line":11,"column":4}},"11":{"start":{"line":12,"column":0},"end":{"line":12,"column":0}},"12":{"start":{"line":13,"column":0},"end":{"line":13,"column":34}},"13":{"start":{"line":14,"column":0},"end":{"line":14,"column":114}},"14":{"start":{"line":15,"column":0},"end":{"line":15,"column":4}},"15":{"start":{"line":16,"column":0},"end":{"line":16,"column":0}},"16":{"start":{"line":17,"column":0},"end":{"line":17,"column":35}},"17":{"start":{"line":18,"column":0},"end":{"line":18,"column":29}},"18":{"start":{"line":19,"column":0},"end":{"line":19,"column":40}},"19":{"start":{"line":20,"column":0},"end":{"line":20,"column":7}},"20":{"start":{"line":21,"column":0},"end":{"line":21,"column":4}},"21":{"start":{"line":22,"column":0},"end":{"line":22,"column":1}}},"s":{"0":1,"1":1,"2":1,"3":1,"4":1,"5":1,"6":2,"7":0,"8":0,"9":2,"10":2,"11":1,"12":1,"13":1,"14":1,"15":1,"16":1,"17":1,"18":1,"19":1,"20":1,"21":1},"branchMap":{"0":{"type":"branch","line":6,"loc":{"start":{"line":6,"column":10},"end":{"line":11,"column":4}},"locations":[{"start":{"line":6,"column":10},"end":{"line":11,"column":4}}]},"1":{"type":"branch","line":7,"loc":{"start":{"line":7,"column":29},"end":{"line":9,"column":7}},"locations":[{"start":{"line":7,"column":29},"end":{"line":9,"column":7}}]},"2":{"type":"branch","line":13,"loc":{"start":{"line":13,"column":10},"end":{"line":15,"column":4}},"locations":[{"start":{"line":13,"column":10},"end":{"line":15,"column":4}}]},"3":{"type":"branch","line":14,"loc":{"start":{"line":14,"column":72},"end":{"line":14,"column":113}},"locations":[{"start":{"line":14,"column":72},"end":{"line":14,"column":113}}]},"4":{"type":"branch","line":17,"loc":{"start":{"line":17,"column":10},"end":{"line":21,"column":4}},"locations":[{"start":{"line":17,"column":10},"end":{"line":21,"column":4}}]}},"b":{"0":[2],"1":[0],"2":[1],"3":[0],"4":[1]},"fnMap":{"0":{"name":"getConnection","decl":{"start":{"line":6,"column":10},"end":{"line":11,"column":4}},"loc":{"start":{"line":6,"column":10},"end":{"line":11,"column":4}},"line":6},"1":{"name":"initConnection","decl":{"start":{"line":13,"column":10},"end":{"line":15,"column":4}},"loc":{"start":{"line":13,"column":10},"end":{"line":15,"column":4}},"line":13},"2":{"name":"closeConnection","decl":{"start":{"line":17,"column":10},"end":{"line":21,"column":4}},"loc":{"start":{"line":17,"column":10},"end":{"line":21,"column":4}},"line":17}},"f":{"0":2,"1":1,"2":1}}
,"/Users/lucaszluhan/Documents/Growdev5e/modulo7/trabalho-final-m7/src/core/infra/database/connections/redis.ts": {"path":"/Users/lucaszluhan/Documents/Growdev5e/modulo7/trabalho-final-m7/src/core/infra/database/connections/redis.ts","all":false,"statementMap":{"0":{"start":{"line":1,"column":0},"end":{"line":1,"column":25}},"1":{"start":{"line":2,"column":0},"end":{"line":2,"column":41}},"2":{"start":{"line":3,"column":0},"end":{"line":3,"column":0}},"3":{"start":{"line":4,"column":0},"end":{"line":4,"column":30}},"4":{"start":{"line":5,"column":0},"end":{"line":5,"column":37}},"5":{"start":{"line":6,"column":0},"end":{"line":6,"column":0}},"6":{"start":{"line":7,"column":0},"end":{"line":7,"column":28}},"7":{"start":{"line":8,"column":0},"end":{"line":8,"column":30}},"8":{"start":{"line":9,"column":0},"end":{"line":9,"column":63}},"9":{"start":{"line":10,"column":0},"end":{"line":10,"column":7}},"10":{"start":{"line":11,"column":0},"end":{"line":11,"column":4}},"11":{"start":{"line":12,"column":0},"end":{"line":12,"column":0}},"12":{"start":{"line":13,"column":0},"end":{"line":13,"column":27}},"13":{"start":{"line":14,"column":0},"end":{"line":14,"column":30}},"14":{"start":{"line":15,"column":0},"end":{"line":15,"column":48}},"15":{"start":{"line":16,"column":0},"end":{"line":16,"column":7}},"16":{"start":{"line":17,"column":0},"end":{"line":17,"column":0}},"17":{"start":{"line":18,"column":0},"end":{"line":18,"column":30}},"18":{"start":{"line":19,"column":0},"end":{"line":19,"column":4}},"19":{"start":{"line":20,"column":0},"end":{"line":20,"column":0}},"20":{"start":{"line":21,"column":0},"end":{"line":21,"column":35}},"21":{"start":{"line":22,"column":0},"end":{"line":22,"column":29}},"22":{"start":{"line":23,"column":0},"end":{"line":23,"column":39}},"23":{"start":{"line":24,"column":0},"end":{"line":24,"column":7}},"24":{"start":{"line":25,"column":0},"end":{"line":25,"column":4}},"25":{"start":{"line":26,"column":0},"end":{"line":26,"column":1}}},"s":{"0":1,"1":1,"2":1,"3":1,"4":1,"5":1,"6":1,"7":1,"8":1,"9":1,"10":1,"11":1,"12":1,"13":1,"14":0,"15":0,"16":1,"17":1,"18":1,"19":1,"20":1,"21":1,"22":1,"23":0,"24":1,"25":1},"branchMap":{"0":{"type":"branch","line":7,"loc":{"start":{"line":7,"column":10},"end":{"line":11,"column":4}},"locations":[{"start":{"line":7,"column":10},"end":{"line":11,"column":4}}]},"1":{"type":"branch","line":13,"loc":{"start":{"line":13,"column":10},"end":{"line":19,"column":4}},"locations":[{"start":{"line":13,"column":10},"end":{"line":19,"column":4}}]},"2":{"type":"branch","line":14,"loc":{"start":{"line":14,"column":29},"end":{"line":16,"column":7}},"locations":[{"start":{"line":14,"column":29},"end":{"line":16,"column":7}}]},"3":{"type":"branch","line":21,"loc":{"start":{"line":21,"column":10},"end":{"line":25,"column":4}},"locations":[{"start":{"line":21,"column":10},"end":{"line":25,"column":4}}]},"4":{"type":"branch","line":24,"loc":{"start":{"line":24,"column":-1},"end":{"line":24,"column":7}},"locations":[{"start":{"line":24,"column":-1},"end":{"line":24,"column":7}}]}},"b":{"0":[1],"1":[1],"2":[0],"3":[1],"4":[0]},"fnMap":{"0":{"name":"initConnection","decl":{"start":{"line":7,"column":10},"end":{"line":11,"column":4}},"loc":{"start":{"line":7,"column":10},"end":{"line":11,"column":4}},"line":7},"1":{"name":"getConnection","decl":{"start":{"line":13,"column":10},"end":{"line":19,"column":4}},"loc":{"start":{"line":13,"column":10},"end":{"line":19,"column":4}},"line":13},"2":{"name":"closeConnection","decl":{"start":{"line":21,"column":10},"end":{"line":25,"column":4}},"loc":{"start":{"line":21,"column":10},"end":{"line":25,"column":4}},"line":21}},"f":{"0":1,"1":1,"2":1}}
,"/Users/lucaszluhan/Documents/Growdev5e/modulo7/trabalho-final-m7/src/core/infra/database/entities/notes.ts": {"path":"/Users/lucaszluhan/Documents/Growdev5e/modulo7/trabalho-final-m7/src/core/infra/database/entities/notes.ts","all":false,"statementMap":{"0":{"start":{"line":1,"column":0},"end":{"line":1,"column":115}},"1":{"start":{"line":2,"column":0},"end":{"line":2,"column":76}},"2":{"start":{"line":3,"column":0},"end":{"line":3,"column":28}},"3":{"start":{"line":4,"column":0},"end":{"line":4,"column":0}},"4":{"start":{"line":5,"column":0},"end":{"line":5,"column":58}},"5":{"start":{"line":6,"column":0},"end":{"line":6,"column":46}},"6":{"start":{"line":7,"column":0},"end":{"line":7,"column":19}},"7":{"start":{"line":8,"column":0},"end":{"line":8,"column":19}},"8":{"start":{"line":9,"column":0},"end":{"line":9,"column":5}},"9":{"start":{"line":10,"column":0},"end":{"line":10,"column":15}},"10":{"start":{"line":11,"column":0},"end":{"line":11,"column":0}},"11":{"start":{"line":12,"column":0},"end":{"line":12,"column":12}},"12":{"start":{"line":13,"column":0},"end":{"line":13,"column":17}},"13":{"start":{"line":14,"column":0},"end":{"line":14,"column":5}},"14":{"start":{"line":15,"column":0},"end":{"line":15,"column":23}},"15":{"start":{"line":16,"column":0},"end":{"line":16,"column":0}},"16":{"start":{"line":17,"column":0},"end":{"line":17,"column":12}},"17":{"start":{"line":18,"column":0},"end":{"line":18,"column":18}},"18":{"start":{"line":19,"column":0},"end":{"line":19,"column":5}},"19":{"start":{"line":20,"column":0},"end":{"line":20,"column":18}},"20":{"start":{"line":21,"column":0},"end":{"line":21,"column":0}},"21":{"start":{"line":22,"column":0},"end":{"line":22,"column":48}},"22":{"start":{"line":23,"column":0},"end":{"line":23,"column":21}},"23":{"start":{"line":24,"column":0},"end":{"line":24,"column":5}},"24":{"start":{"line":25,"column":0},"end":{"line":25,"column":20}},"25":{"start":{"line":26,"column":0},"end":{"line":26,"column":0}},"26":{"start":{"line":27,"column":0},"end":{"line":27,"column":22}},"27":{"start":{"line":28,"column":0},"end":{"line":28,"column":20}},"28":{"start":{"line":29,"column":0},"end":{"line":29,"column":0}},"29":{"start":{"line":30,"column":0},"end":{"line":30,"column":22}},"30":{"start":{"line":31,"column":0},"end":{"line":31,"column":20}},"31":{"start":{"line":32,"column":0},"end":{"line":32,"column":1}}},"s":{"0":1,"1":1,"2":1,"3":1,"4":1,"5":1,"6":1,"7":1,"8":1,"9":1,"10":1,"11":1,"12":1,"13":1,"14":1,"15":1,"16":1,"17":1,"18":1,"19":1,"20":1,"21":1,"22":1,"23":1,"24":1,"25":1,"26":1,"27":1,"28":1,"29":1,"30":1,"31":1},"branchMap":{"0":{"type":"branch","line":22,"loc":{"start":{"line":22,"column":14},"end":{"line":22,"column":25}},"locations":[{"start":{"line":22,"column":14},"end":{"line":22,"column":25}}]},"1":{"type":"branch","line":22,"loc":{"start":{"line":22,"column":27},"end":{"line":22,"column":45}},"locations":[{"start":{"line":22,"column":27},"end":{"line":22,"column":45}}]}},"b":{"0":[1],"1":[1]},"fnMap":{},"f":{}}
,"/Users/lucaszluhan/Documents/Growdev5e/modulo7/trabalho-final-m7/src/core/infra/database/entities/users.ts": {"path":"/Users/lucaszluhan/Documents/Growdev5e/modulo7/trabalho-final-m7/src/core/infra/database/entities/users.ts","all":false,"statementMap":{"0":{"start":{"line":1,"column":0},"end":{"line":1,"column":85}},"1":{"start":{"line":2,"column":0},"end":{"line":2,"column":76}},"2":{"start":{"line":3,"column":0},"end":{"line":3,"column":28}},"3":{"start":{"line":4,"column":0},"end":{"line":4,"column":0}},"4":{"start":{"line":5,"column":0},"end":{"line":5,"column":58}},"5":{"start":{"line":6,"column":0},"end":{"line":6,"column":46}},"6":{"start":{"line":7,"column":0},"end":{"line":7,"column":19}},"7":{"start":{"line":8,"column":0},"end":{"line":8,"column":19}},"8":{"start":{"line":9,"column":0},"end":{"line":9,"column":5}},"9":{"start":{"line":10,"column":0},"end":{"line":10,"column":15}},"10":{"start":{"line":11,"column":0},"end":{"line":11,"column":0}},"11":{"start":{"line":12,"column":0},"end":{"line":12,"column":12}},"12":{"start":{"line":13,"column":0},"end":{"line":13,"column":16}},"13":{"start":{"line":14,"column":0},"end":{"line":14,"column":0}},"14":{"start":{"line":15,"column":0},"end":{"line":15,"column":12}},"15":{"start":{"line":16,"column":0},"end":{"line":16,"column":20}},"16":{"start":{"line":17,"column":0},"end":{"line":17,"column":0}},"17":{"start":{"line":18,"column":0},"end":{"line":18,"column":22}},"18":{"start":{"line":19,"column":0},"end":{"line":19,"column":20}},"19":{"start":{"line":20,"column":0},"end":{"line":20,"column":0}},"20":{"start":{"line":21,"column":0},"end":{"line":21,"column":51}},"21":{"start":{"line":22,"column":0},"end":{"line":22,"column":18}},"22":{"start":{"line":23,"column":0},"end":{"line":23,"column":1}}},"s":{"0":1,"1":1,"2":1,"3":1,"4":1,"5":1,"6":1,"7":1,"8":1,"9":1,"10":1,"11":1,"12":1,"13":1,"14":1,"15":1,"16":1,"17":1,"18":1,"19":1,"20":1,"21":1,"22":1},"branchMap":{"0":{"type":"branch","line":21,"loc":{"start":{"line":21,"column":14},"end":{"line":21,"column":25}},"locations":[{"start":{"line":21,"column":14},"end":{"line":21,"column":25}}]},"1":{"type":"branch","line":21,"loc":{"start":{"line":21,"column":27},"end":{"line":21,"column":50}},"locations":[{"start":{"line":21,"column":27},"end":{"line":21,"column":50}}]}},"b":{"0":[1],"1":[1]},"fnMap":{},"f":{}}
,"/Users/lucaszluhan/Documents/Growdev5e/modulo7/trabalho-final-m7/src/core/infra/repositories/cacheRepository.ts": {"path":"/Users/lucaszluhan/Documents/Growdev5e/modulo7/trabalho-final-m7/src/core/infra/repositories/cacheRepository.ts","all":false,"statementMap":{"0":{"start":{"line":1,"column":0},"end":{"line":1,"column":32}},"1":{"start":{"line":2,"column":0},"end":{"line":2,"column":64}},"2":{"start":{"line":3,"column":0},"end":{"line":3,"column":0}},"3":{"start":{"line":4,"column":0},"end":{"line":4,"column":30}},"4":{"start":{"line":5,"column":0},"end":{"line":5,"column":33}},"5":{"start":{"line":6,"column":0},"end":{"line":6,"column":0}},"6":{"start":{"line":7,"column":0},"end":{"line":7,"column":18}},"7":{"start":{"line":8,"column":0},"end":{"line":8,"column":51}},"8":{"start":{"line":9,"column":0},"end":{"line":9,"column":4}},"9":{"start":{"line":10,"column":0},"end":{"line":10,"column":0}},"10":{"start":{"line":11,"column":0},"end":{"line":11,"column":39}},"11":{"start":{"line":12,"column":0},"end":{"line":12,"column":80}},"12":{"start":{"line":13,"column":0},"end":{"line":13,"column":27}},"13":{"start":{"line":14,"column":0},"end":{"line":14,"column":38}},"14":{"start":{"line":15,"column":0},"end":{"line":15,"column":7}},"15":{"start":{"line":16,"column":0},"end":{"line":16,"column":4}},"16":{"start":{"line":17,"column":0},"end":{"line":17,"column":0}},"17":{"start":{"line":18,"column":0},"end":{"line":18,"column":27}},"18":{"start":{"line":19,"column":0},"end":{"line":19,"column":47}},"19":{"start":{"line":20,"column":0},"end":{"line":20,"column":61}},"20":{"start":{"line":21,"column":0},"end":{"line":21,"column":4}},"21":{"start":{"line":22,"column":0},"end":{"line":22,"column":0}},"22":{"start":{"line":23,"column":0},"end":{"line":23,"column":30}},"23":{"start":{"line":24,"column":0},"end":{"line":24,"column":32}},"24":{"start":{"line":25,"column":0},"end":{"line":25,"column":4}},"25":{"start":{"line":26,"column":0},"end":{"line":26,"column":1}}},"s":{"0":1,"1":1,"2":1,"3":1,"4":1,"5":1,"6":1,"7":1,"8":1,"9":1,"10":1,"11":1,"12":1,"13":0,"14":0,"15":1,"16":1,"17":1,"18":1,"19":1,"20":1,"21":1,"22":1,"23":1,"24":1,"25":1},"branchMap":{"0":{"type":"branch","line":7,"loc":{"start":{"line":7,"column":3},"end":{"line":9,"column":4}},"locations":[{"start":{"line":7,"column":3},"end":{"line":9,"column":4}}]},"1":{"type":"branch","line":11,"loc":{"start":{"line":11,"column":3},"end":{"line":16,"column":4}},"locations":[{"start":{"line":11,"column":3},"end":{"line":16,"column":4}}]},"2":{"type":"branch","line":13,"loc":{"start":{"line":13,"column":26},"end":{"line":15,"column":7}},"locations":[{"start":{"line":13,"column":26},"end":{"line":15,"column":7}}]},"3":{"type":"branch","line":18,"loc":{"start":{"line":18,"column":3},"end":{"line":21,"column":4}},"locations":[{"start":{"line":18,"column":3},"end":{"line":21,"column":4}}]},"4":{"type":"branch","line":20,"loc":{"start":{"line":20,"column":28},"end":{"line":20,"column":48}},"locations":[{"start":{"line":20,"column":28},"end":{"line":20,"column":48}}]},"5":{"type":"branch","line":23,"loc":{"start":{"line":23,"column":3},"end":{"line":25,"column":4}},"locations":[{"start":{"line":23,"column":3},"end":{"line":25,"column":4}}]}},"b":{"0":[1],"1":[1],"2":[0],"3":[1],"4":[0],"5":[1]},"fnMap":{"0":{"name":"CacheRepository","decl":{"start":{"line":7,"column":3},"end":{"line":9,"column":4}},"loc":{"start":{"line":7,"column":3},"end":{"line":9,"column":4}},"line":7},"1":{"name":"set","decl":{"start":{"line":11,"column":3},"end":{"line":16,"column":4}},"loc":{"start":{"line":11,"column":3},"end":{"line":16,"column":4}},"line":11},"2":{"name":"get","decl":{"start":{"line":18,"column":3},"end":{"line":21,"column":4}},"loc":{"start":{"line":18,"column":3},"end":{"line":21,"column":4}},"line":18},"3":{"name":"delete","decl":{"start":{"line":23,"column":3},"end":{"line":25,"column":4}},"loc":{"start":{"line":23,"column":3},"end":{"line":25,"column":4}},"line":23}},"f":{"0":1,"1":1,"2":1,"3":1}}
,"/Users/lucaszluhan/Documents/Growdev5e/modulo7/trabalho-final-m7/src/core/presentation/helpers/httpHandlers.ts": {"path":"/Users/lucaszluhan/Documents/Growdev5e/modulo7/trabalho-final-m7/src/core/presentation/helpers/httpHandlers.ts","all":false,"statementMap":{"0":{"start":{"line":1,"column":0},"end":{"line":1,"column":35}},"1":{"start":{"line":2,"column":0},"end":{"line":2,"column":0}},"2":{"start":{"line":3,"column":0},"end":{"line":3,"column":63}},"3":{"start":{"line":4,"column":0},"end":{"line":4,"column":32}},"4":{"start":{"line":5,"column":0},"end":{"line":5,"column":15}},"5":{"start":{"line":6,"column":0},"end":{"line":6,"column":10}},"6":{"start":{"line":7,"column":0},"end":{"line":7,"column":11}},"7":{"start":{"line":8,"column":0},"end":{"line":8,"column":6}},"8":{"start":{"line":9,"column":0},"end":{"line":9,"column":2}},"9":{"start":{"line":10,"column":0},"end":{"line":10,"column":0}},"10":{"start":{"line":11,"column":0},"end":{"line":11,"column":73}},"11":{"start":{"line":12,"column":0},"end":{"line":12,"column":32}},"12":{"start":{"line":13,"column":0},"end":{"line":13,"column":16}},"13":{"start":{"line":14,"column":0},"end":{"line":14,"column":10}},"14":{"start":{"line":15,"column":0},"end":{"line":15,"column":12}},"15":{"start":{"line":16,"column":0},"end":{"line":16,"column":6}},"16":{"start":{"line":17,"column":0},"end":{"line":17,"column":2}},"17":{"start":{"line":18,"column":0},"end":{"line":18,"column":0}},"18":{"start":{"line":19,"column":0},"end":{"line":19,"column":63}},"19":{"start":{"line":20,"column":0},"end":{"line":20,"column":32}},"20":{"start":{"line":21,"column":0},"end":{"line":21,"column":16}},"21":{"start":{"line":22,"column":0},"end":{"line":22,"column":13}},"22":{"start":{"line":23,"column":0},"end":{"line":23,"column":6}},"23":{"start":{"line":24,"column":0},"end":{"line":24,"column":2}}},"s":{"0":1,"1":1,"2":1,"3":1,"4":1,"5":1,"6":1,"7":1,"8":1,"9":1,"10":1,"11":0,"12":0,"13":0,"14":0,"15":0,"16":0,"17":1,"18":1,"19":2,"20":2,"21":2,"22":2,"23":2},"branchMap":{"0":{"type":"branch","line":3,"loc":{"start":{"line":3,"column":18},"end":{"line":9,"column":2}},"locations":[{"start":{"line":3,"column":18},"end":{"line":9,"column":2}}]},"1":{"type":"branch","line":19,"loc":{"start":{"line":19,"column":26},"end":{"line":24,"column":2}},"locations":[{"start":{"line":19,"column":26},"end":{"line":24,"column":2}}]}},"b":{"0":[1],"1":[2]},"fnMap":{"0":{"name":"ok","decl":{"start":{"line":3,"column":18},"end":{"line":9,"column":2}},"loc":{"start":{"line":3,"column":18},"end":{"line":9,"column":2}},"line":3},"1":{"name":"serverError","decl":{"start":{"line":11,"column":27},"end":{"line":17,"column":2}},"loc":{"start":{"line":11,"column":27},"end":{"line":17,"column":2}},"line":11},"2":{"name":"badRequest","decl":{"start":{"line":19,"column":26},"end":{"line":24,"column":2}},"loc":{"start":{"line":19,"column":26},"end":{"line":24,"column":2}},"line":19}},"f":{"0":1,"1":0,"2":2}}
,"/Users/lucaszluhan/Documents/Growdev5e/modulo7/trabalho-final-m7/src/core/presentation/server/routes.ts": {"path":"/Users/lucaszluhan/Documents/Growdev5e/modulo7/trabalho-final-m7/src/core/presentation/server/routes.ts","all":false,"statementMap":{"0":{"start":{"line":1,"column":0},"end":{"line":1,"column":30}},"1":{"start":{"line":2,"column":0},"end":{"line":2,"column":82}},"2":{"start":{"line":3,"column":0},"end":{"line":3,"column":82}},"3":{"start":{"line":4,"column":0},"end":{"line":4,"column":0}},"4":{"start":{"line":5,"column":0},"end":{"line":5,"column":57}},"5":{"start":{"line":6,"column":0},"end":{"line":6,"column":47}},"6":{"start":{"line":7,"column":0},"end":{"line":7,"column":47}},"7":{"start":{"line":8,"column":0},"end":{"line":8,"column":2}}},"s":{"0":1,"1":1,"2":1,"3":1,"4":1,"5":1,"6":1,"7":1},"branchMap":{"0":{"type":"branch","line":5,"loc":{"start":{"line":5,"column":26},"end":{"line":8,"column":2}},"locations":[{"start":{"line":5,"column":26},"end":{"line":8,"column":2}}]}},"b":{"0":[1]},"fnMap":{"0":{"name":"makeRoutes","decl":{"start":{"line":5,"column":26},"end":{"line":8,"column":2}},"loc":{"start":{"line":5,"column":26},"end":{"line":8,"column":2}},"line":5}},"f":{"0":1}}
,"/Users/lucaszluhan/Documents/Growdev5e/modulo7/trabalho-final-m7/src/core/presentation/server/server.ts": {"path":"/Users/lucaszluhan/Documents/Growdev5e/modulo7/trabalho-final-m7/src/core/presentation/server/server.ts","all":false,"statementMap":{"0":{"start":{"line":1,"column":0},"end":{"line":1,"column":30}},"1":{"start":{"line":2,"column":0},"end":{"line":2,"column":24}},"2":{"start":{"line":3,"column":0},"end":{"line":3,"column":38}},"3":{"start":{"line":4,"column":0},"end":{"line":4,"column":0}},"4":{"start":{"line":5,"column":0},"end":{"line":5,"column":35}},"5":{"start":{"line":6,"column":0},"end":{"line":6,"column":25}},"6":{"start":{"line":7,"column":0},"end":{"line":7,"column":27}},"7":{"start":{"line":8,"column":0},"end":{"line":8,"column":19}},"8":{"start":{"line":9,"column":0},"end":{"line":9,"column":0}},"9":{"start":{"line":10,"column":0},"end":{"line":10,"column":19}},"10":{"start":{"line":11,"column":0},"end":{"line":11,"column":0}},"11":{"start":{"line":12,"column":0},"end":{"line":12,"column":14}},"12":{"start":{"line":13,"column":0},"end":{"line":13,"column":2}},"13":{"start":{"line":14,"column":0},"end":{"line":14,"column":0}},"14":{"start":{"line":15,"column":0},"end":{"line":15,"column":48}},"15":{"start":{"line":16,"column":0},"end":{"line":16,"column":31}},"16":{"start":{"line":17,"column":0},"end":{"line":17,"column":0}},"17":{"start":{"line":18,"column":0},"end":{"line":18,"column":89}},"18":{"start":{"line":19,"column":0},"end":{"line":19,"column":2}}},"s":{"0":1,"1":1,"2":1,"3":1,"4":1,"5":1,"6":1,"7":1,"8":1,"9":1,"10":1,"11":1,"12":1,"13":1,"14":1,"15":0,"16":0,"17":0,"18":0},"branchMap":{"0":{"type":"branch","line":5,"loc":{"start":{"line":5,"column":28},"end":{"line":13,"column":2}},"locations":[{"start":{"line":5,"column":28},"end":{"line":13,"column":2}}]}},"b":{"0":[1]},"fnMap":{"0":{"name":"createServer","decl":{"start":{"line":5,"column":28},"end":{"line":13,"column":2}},"loc":{"start":{"line":5,"column":28},"end":{"line":13,"column":2}},"line":5},"1":{"name":"initServer","decl":{"start":{"line":15,"column":26},"end":{"line":19,"column":2}},"loc":{"start":{"line":15,"column":26},"end":{"line":19,"column":2}},"line":15}},"f":{"0":1,"1":0}}
,"/Users/lucaszluhan/Documents/Growdev5e/modulo7/trabalho-final-m7/src/features/notes/domain/errors/idError.ts": {"path":"/Users/lucaszluhan/Documents/Growdev5e/modulo7/trabalho-final-m7/src/features/notes/domain/errors/idError.ts","all":false,"statementMap":{"0":{"start":{"line":1,"column":0},"end":{"line":1,"column":69}},"1":{"start":{"line":2,"column":0},"end":{"line":2,"column":0}},"2":{"start":{"line":3,"column":0},"end":{"line":3,"column":50}},"3":{"start":{"line":4,"column":0},"end":{"line":4,"column":18}},"4":{"start":{"line":5,"column":0},"end":{"line":5,"column":26}},"5":{"start":{"line":6,"column":0},"end":{"line":6,"column":29}},"6":{"start":{"line":7,"column":0},"end":{"line":7,"column":4}},"7":{"start":{"line":8,"column":0},"end":{"line":8,"column":1}}},"s":{"0":1,"1":1,"2":1,"3":1,"4":0,"5":0,"6":0,"7":1},"branchMap":{},"b":{},"fnMap":{"0":{"name":"IdError","decl":{"start":{"line":4,"column":3},"end":{"line":7,"column":4}},"loc":{"start":{"line":4,"column":3},"end":{"line":7,"column":4}},"line":4}},"f":{"0":0}}
,"/Users/lucaszluhan/Documents/Growdev5e/modulo7/trabalho-final-m7/src/features/notes/domain/errors/lengthError.ts": {"path":"/Users/lucaszluhan/Documents/Growdev5e/modulo7/trabalho-final-m7/src/features/notes/domain/errors/lengthError.ts","all":false,"statementMap":{"0":{"start":{"line":1,"column":0},"end":{"line":1,"column":69}},"1":{"start":{"line":2,"column":0},"end":{"line":2,"column":0}},"2":{"start":{"line":3,"column":0},"end":{"line":3,"column":54}},"3":{"start":{"line":4,"column":0},"end":{"line":4,"column":18}},"4":{"start":{"line":5,"column":0},"end":{"line":5,"column":44}},"5":{"start":{"line":6,"column":0},"end":{"line":6,"column":33}},"6":{"start":{"line":7,"column":0},"end":{"line":7,"column":4}},"7":{"start":{"line":8,"column":0},"end":{"line":8,"column":1}}},"s":{"0":1,"1":1,"2":1,"3":1,"4":0,"5":0,"6":0,"7":1},"branchMap":{},"b":{},"fnMap":{"0":{"name":"LengthError","decl":{"start":{"line":4,"column":3},"end":{"line":7,"column":4}},"loc":{"start":{"line":4,"column":3},"end":{"line":7,"column":4}},"line":4}},"f":{"0":0}}
,"/Users/lucaszluhan/Documents/Growdev5e/modulo7/trabalho-final-m7/src/features/notes/domain/usecase/createNoteUsecase.ts": {"path":"/Users/lucaszluhan/Documents/Growdev5e/modulo7/trabalho-final-m7/src/features/notes/domain/usecase/createNoteUsecase.ts","all":false,"statementMap":{"0":{"start":{"line":1,"column":0},"end":{"line":1,"column":36}},"1":{"start":{"line":2,"column":0},"end":{"line":2,"column":64}},"2":{"start":{"line":3,"column":0},"end":{"line":3,"column":86}},"3":{"start":{"line":4,"column":0},"end":{"line":4,"column":71}},"4":{"start":{"line":5,"column":0},"end":{"line":5,"column":40}},"5":{"start":{"line":6,"column":0},"end":{"line":6,"column":48}},"6":{"start":{"line":7,"column":0},"end":{"line":7,"column":58}},"7":{"start":{"line":8,"column":0},"end":{"line":8,"column":0}},"8":{"start":{"line":9,"column":0},"end":{"line":9,"column":59}},"9":{"start":{"line":10,"column":0},"end":{"line":10,"column":90}},"10":{"start":{"line":11,"column":0},"end":{"line":11,"column":0}},"11":{"start":{"line":12,"column":0},"end":{"line":12,"column":41}},"12":{"start":{"line":13,"column":0},"end":{"line":13,"column":39}},"13":{"start":{"line":14,"column":0},"end":{"line":14,"column":33}},"14":{"start":{"line":15,"column":0},"end":{"line":15,"column":7}},"15":{"start":{"line":16,"column":0},"end":{"line":16,"column":0}},"16":{"start":{"line":17,"column":0},"end":{"line":17,"column":43}},"17":{"start":{"line":18,"column":0},"end":{"line":18,"column":33}},"18":{"start":{"line":19,"column":0},"end":{"line":19,"column":7}},"19":{"start":{"line":20,"column":0},"end":{"line":20,"column":0}},"20":{"start":{"line":21,"column":0},"end":{"line":21,"column":35}},"21":{"start":{"line":22,"column":0},"end":{"line":22,"column":29}},"22":{"start":{"line":23,"column":0},"end":{"line":23,"column":7}},"23":{"start":{"line":24,"column":0},"end":{"line":24,"column":0}},"24":{"start":{"line":25,"column":0},"end":{"line":25,"column":36}},"25":{"start":{"line":26,"column":0},"end":{"line":26,"column":27}},"26":{"start":{"line":27,"column":0},"end":{"line":27,"column":51}},"27":{"start":{"line":28,"column":0},"end":{"line":28,"column":41}},"28":{"start":{"line":29,"column":0},"end":{"line":29,"column":39}},"29":{"start":{"line":30,"column":0},"end":{"line":30,"column":9}},"30":{"start":{"line":31,"column":0},"end":{"line":31,"column":0}},"31":{"start":{"line":32,"column":0},"end":{"line":32,"column":58}},"32":{"start":{"line":33,"column":0},"end":{"line":33,"column":4}},"33":{"start":{"line":34,"column":0},"end":{"line":34,"column":1}}},"s":{"0":1,"1":1,"2":1,"3":1,"4":1,"5":1,"6":1,"7":1,"8":1,"9":1,"10":1,"11":1,"12":1,"13":0,"14":0,"15":1,"16":1,"17":0,"18":0,"19":1,"20":1,"21":0,"22":0,"23":1,"24":1,"25":1,"26":1,"27":1,"28":1,"29":1,"30":1,"31":1,"32":1,"33":1},"branchMap":{"0":{"type":"branch","line":10,"loc":{"start":{"line":10,"column":3},"end":{"line":10,"column":90}},"locations":[{"start":{"line":10,"column":3},"end":{"line":10,"column":90}}]},"1":{"type":"branch","line":12,"loc":{"start":{"line":12,"column":3},"end":{"line":33,"column":4}},"locations":[{"start":{"line":12,"column":3},"end":{"line":33,"column":4}}]},"2":{"type":"branch","line":13,"loc":{"start":{"line":13,"column":38},"end":{"line":15,"column":7}},"locations":[{"start":{"line":13,"column":38},"end":{"line":15,"column":7}}]},"3":{"type":"branch","line":17,"loc":{"start":{"line":17,"column":42},"end":{"line":19,"column":7}},"locations":[{"start":{"line":17,"column":42},"end":{"line":19,"column":7}}]},"4":{"type":"branch","line":21,"loc":{"start":{"line":21,"column":34},"end":{"line":23,"column":7}},"locations":[{"start":{"line":21,"column":34},"end":{"line":23,"column":7}}]}},"b":{"0":[1],"1":[1],"2":[0],"3":[0],"4":[0]},"fnMap":{"0":{"name":"CreateNoteUsecase","decl":{"start":{"line":10,"column":3},"end":{"line":10,"column":90}},"loc":{"start":{"line":10,"column":3},"end":{"line":10,"column":90}},"line":10},"1":{"name":"run","decl":{"start":{"line":12,"column":3},"end":{"line":33,"column":4}},"loc":{"start":{"line":12,"column":3},"end":{"line":33,"column":4}},"line":12}},"f":{"0":1,"1":1}}
,"/Users/lucaszluhan/Documents/Growdev5e/modulo7/trabalho-final-m7/src/features/notes/domain/usecase/deleteNoteUsecase.ts": {"path":"/Users/lucaszluhan/Documents/Growdev5e/modulo7/trabalho-final-m7/src/features/notes/domain/usecase/deleteNoteUsecase.ts","all":false,"statementMap":{"0":{"start":{"line":1,"column":0},"end":{"line":1,"column":64}},"1":{"start":{"line":2,"column":0},"end":{"line":2,"column":86}},"2":{"start":{"line":3,"column":0},"end":{"line":3,"column":71}},"3":{"start":{"line":4,"column":0},"end":{"line":4,"column":40}},"4":{"start":{"line":5,"column":0},"end":{"line":5,"column":57}},"5":{"start":{"line":6,"column":0},"end":{"line":6,"column":0}},"6":{"start":{"line":7,"column":0},"end":{"line":7,"column":59}},"7":{"start":{"line":8,"column":0},"end":{"line":8,"column":90}},"8":{"start":{"line":9,"column":0},"end":{"line":9,"column":0}},"9":{"start":{"line":10,"column":0},"end":{"line":10,"column":38}},"10":{"start":{"line":11,"column":0},"end":{"line":11,"column":32}},"11":{"start":{"line":12,"column":0},"end":{"line":12,"column":29}},"12":{"start":{"line":13,"column":0},"end":{"line":13,"column":7}},"13":{"start":{"line":14,"column":0},"end":{"line":14,"column":0}},"14":{"start":{"line":15,"column":0},"end":{"line":15,"column":38}},"15":{"start":{"line":16,"column":0},"end":{"line":16,"column":0}},"16":{"start":{"line":17,"column":0},"end":{"line":17,"column":54}},"17":{"start":{"line":18,"column":0},"end":{"line":18,"column":4}},"18":{"start":{"line":19,"column":0},"end":{"line":19,"column":1}}},"s":{"0":1,"1":1,"2":1,"3":1,"4":1,"5":1,"6":1,"7":1,"8":1,"9":1,"10":1,"11":0,"12":0,"13":1,"14":1,"15":1,"16":1,"17":1,"18":1},"branchMap":{"0":{"type":"branch","line":8,"loc":{"start":{"line":8,"column":3},"end":{"line":8,"column":90}},"locations":[{"start":{"line":8,"column":3},"end":{"line":8,"column":90}}]},"1":{"type":"branch","line":10,"loc":{"start":{"line":10,"column":3},"end":{"line":18,"column":4}},"locations":[{"start":{"line":10,"column":3},"end":{"line":18,"column":4}}]},"2":{"type":"branch","line":11,"loc":{"start":{"line":11,"column":31},"end":{"line":13,"column":7}},"locations":[{"start":{"line":11,"column":31},"end":{"line":13,"column":7}}]}},"b":{"0":[1],"1":[1],"2":[0]},"fnMap":{"0":{"name":"DeleteNoteUsecase","decl":{"start":{"line":8,"column":3},"end":{"line":8,"column":90}},"loc":{"start":{"line":8,"column":3},"end":{"line":8,"column":90}},"line":8},"1":{"name":"run","decl":{"start":{"line":10,"column":3},"end":{"line":18,"column":4}},"loc":{"start":{"line":10,"column":3},"end":{"line":18,"column":4}},"line":10}},"f":{"0":1,"1":1}}
,"/Users/lucaszluhan/Documents/Growdev5e/modulo7/trabalho-final-m7/src/features/notes/domain/usecase/listNotesUsecase.ts": {"path":"/Users/lucaszluhan/Documents/Growdev5e/modulo7/trabalho-final-m7/src/features/notes/domain/usecase/listNotesUsecase.ts","all":false,"statementMap":{"0":{"start":{"line":1,"column":0},"end":{"line":1,"column":64}},"1":{"start":{"line":2,"column":0},"end":{"line":2,"column":73}},"2":{"start":{"line":3,"column":0},"end":{"line":3,"column":86}},"3":{"start":{"line":4,"column":0},"end":{"line":4,"column":71}},"4":{"start":{"line":5,"column":0},"end":{"line":5,"column":40}},"5":{"start":{"line":6,"column":0},"end":{"line":6,"column":55}},"6":{"start":{"line":7,"column":0},"end":{"line":7,"column":45}},"7":{"start":{"line":8,"column":0},"end":{"line":8,"column":0}},"8":{"start":{"line":9,"column":0},"end":{"line":9,"column":58}},"9":{"start":{"line":10,"column":0},"end":{"line":10,"column":90}},"10":{"start":{"line":11,"column":0},"end":{"line":11,"column":0}},"11":{"start":{"line":12,"column":0},"end":{"line":12,"column":37}},"12":{"start":{"line":13,"column":0},"end":{"line":13,"column":36}},"13":{"start":{"line":14,"column":0},"end":{"line":14,"column":29}},"14":{"start":{"line":15,"column":0},"end":{"line":15,"column":7}},"15":{"start":{"line":16,"column":0},"end":{"line":16,"column":0}},"16":{"start":{"line":17,"column":0},"end":{"line":17,"column":75}},"17":{"start":{"line":18,"column":0},"end":{"line":18,"column":0}},"18":{"start":{"line":19,"column":0},"end":{"line":19,"column":24}},"19":{"start":{"line":20,"column":0},"end":{"line":20,"column":40}},"20":{"start":{"line":21,"column":0},"end":{"line":21,"column":7}},"21":{"start":{"line":22,"column":0},"end":{"line":22,"column":0}},"22":{"start":{"line":23,"column":0},"end":{"line":23,"column":58}},"23":{"start":{"line":24,"column":0},"end":{"line":24,"column":0}},"24":{"start":{"line":25,"column":0},"end":{"line":25,"column":19}},"25":{"start":{"line":26,"column":0},"end":{"line":26,"column":42}},"26":{"start":{"line":27,"column":0},"end":{"line":27,"column":7}},"27":{"start":{"line":28,"column":0},"end":{"line":28,"column":0}},"28":{"start":{"line":29,"column":0},"end":{"line":29,"column":80}},"29":{"start":{"line":30,"column":0},"end":{"line":30,"column":0}},"30":{"start":{"line":31,"column":0},"end":{"line":31,"column":19}},"31":{"start":{"line":32,"column":0},"end":{"line":32,"column":4}},"32":{"start":{"line":33,"column":0},"end":{"line":33,"column":1}}},"s":{"0":1,"1":1,"2":1,"3":1,"4":1,"5":1,"6":1,"7":1,"8":1,"9":1,"10":1,"11":1,"12":1,"13":0,"14":0,"15":1,"16":1,"17":1,"18":1,"19":0,"20":0,"21":1,"22":1,"23":1,"24":1,"25":0,"26":0,"27":1,"28":1,"29":1,"30":1,"31":1,"32":1},"branchMap":{"0":{"type":"branch","line":10,"loc":{"start":{"line":10,"column":3},"end":{"line":10,"column":90}},"locations":[{"start":{"line":10,"column":3},"end":{"line":10,"column":90}}]},"1":{"type":"branch","line":12,"loc":{"start":{"line":12,"column":3},"end":{"line":32,"column":4}},"locations":[{"start":{"line":12,"column":3},"end":{"line":32,"column":4}}]},"2":{"type":"branch","line":13,"loc":{"start":{"line":13,"column":35},"end":{"line":15,"column":7}},"locations":[{"start":{"line":13,"column":35},"end":{"line":15,"column":7}}]},"3":{"type":"branch","line":19,"loc":{"start":{"line":19,"column":23},"end":{"line":21,"column":7}},"locations":[{"start":{"line":19,"column":23},"end":{"line":21,"column":7}}]},"4":{"type":"branch","line":25,"loc":{"start":{"line":25,"column":18},"end":{"line":27,"column":7}},"locations":[{"start":{"line":25,"column":18},"end":{"line":27,"column":7}}]}},"b":{"0":[1],"1":[1],"2":[0],"3":[0],"4":[0]},"fnMap":{"0":{"name":"ListNotesUsecase","decl":{"start":{"line":10,"column":3},"end":{"line":10,"column":90}},"loc":{"start":{"line":10,"column":3},"end":{"line":10,"column":90}},"line":10},"1":{"name":"run","decl":{"start":{"line":12,"column":3},"end":{"line":32,"column":4}},"loc":{"start":{"line":12,"column":3},"end":{"line":32,"column":4}},"line":12}},"f":{"0":1,"1":1}}
,"/Users/lucaszluhan/Documents/Growdev5e/modulo7/trabalho-final-m7/src/features/notes/domain/usecase/updateNoteUsecase.ts": {"path":"/Users/lucaszluhan/Documents/Growdev5e/modulo7/trabalho-final-m7/src/features/notes/domain/usecase/updateNoteUsecase.ts","all":false,"statementMap":{"0":{"start":{"line":1,"column":0},"end":{"line":1,"column":64}},"1":{"start":{"line":2,"column":0},"end":{"line":2,"column":86}},"2":{"start":{"line":3,"column":0},"end":{"line":3,"column":71}},"3":{"start":{"line":4,"column":0},"end":{"line":4,"column":40}},"4":{"start":{"line":5,"column":0},"end":{"line":5,"column":48}},"5":{"start":{"line":6,"column":0},"end":{"line":6,"column":57}},"6":{"start":{"line":7,"column":0},"end":{"line":7,"column":0}},"7":{"start":{"line":8,"column":0},"end":{"line":8,"column":59}},"8":{"start":{"line":9,"column":0},"end":{"line":9,"column":90}},"9":{"start":{"line":10,"column":0},"end":{"line":10,"column":0}},"10":{"start":{"line":11,"column":0},"end":{"line":11,"column":38}},"11":{"start":{"line":12,"column":0},"end":{"line":12,"column":37}},"12":{"start":{"line":13,"column":0},"end":{"line":13,"column":33}},"13":{"start":{"line":14,"column":0},"end":{"line":14,"column":7}},"14":{"start":{"line":15,"column":0},"end":{"line":15,"column":0}},"15":{"start":{"line":16,"column":0},"end":{"line":16,"column":41}},"16":{"start":{"line":17,"column":0},"end":{"line":17,"column":33}},"17":{"start":{"line":18,"column":0},"end":{"line":18,"column":7}},"18":{"start":{"line":19,"column":0},"end":{"line":19,"column":0}},"19":{"start":{"line":20,"column":0},"end":{"line":20,"column":33}},"20":{"start":{"line":21,"column":0},"end":{"line":21,"column":29}},"21":{"start":{"line":22,"column":0},"end":{"line":22,"column":7}},"22":{"start":{"line":23,"column":0},"end":{"line":23,"column":0}},"23":{"start":{"line":24,"column":0},"end":{"line":24,"column":69}},"24":{"start":{"line":25,"column":0},"end":{"line":25,"column":0}},"25":{"start":{"line":26,"column":0},"end":{"line":26,"column":55}},"26":{"start":{"line":27,"column":0},"end":{"line":27,"column":4}},"27":{"start":{"line":28,"column":0},"end":{"line":28,"column":1}}},"s":{"0":1,"1":1,"2":1,"3":1,"4":1,"5":1,"6":1,"7":1,"8":1,"9":1,"10":1,"11":1,"12":0,"13":0,"14":1,"15":1,"16":0,"17":0,"18":1,"19":1,"20":0,"21":0,"22":1,"23":1,"24":1,"25":1,"26":1,"27":1},"branchMap":{"0":{"type":"branch","line":9,"loc":{"start":{"line":9,"column":3},"end":{"line":9,"column":90}},"locations":[{"start":{"line":9,"column":3},"end":{"line":9,"column":90}}]},"1":{"type":"branch","line":11,"loc":{"start":{"line":11,"column":3},"end":{"line":27,"column":4}},"locations":[{"start":{"line":11,"column":3},"end":{"line":27,"column":4}}]},"2":{"type":"branch","line":12,"loc":{"start":{"line":12,"column":36},"end":{"line":14,"column":7}},"locations":[{"start":{"line":12,"column":36},"end":{"line":14,"column":7}}]},"3":{"type":"branch","line":16,"loc":{"start":{"line":16,"column":40},"end":{"line":18,"column":7}},"locations":[{"start":{"line":16,"column":40},"end":{"line":18,"column":7}}]},"4":{"type":"branch","line":20,"loc":{"start":{"line":20,"column":32},"end":{"line":22,"column":7}},"locations":[{"start":{"line":20,"column":32},"end":{"line":22,"column":7}}]}},"b":{"0":[1],"1":[1],"2":[0],"3":[0],"4":[0]},"fnMap":{"0":{"name":"UpdateNoteUsecase","decl":{"start":{"line":9,"column":3},"end":{"line":9,"column":90}},"loc":{"start":{"line":9,"column":3},"end":{"line":9,"column":90}},"line":9},"1":{"name":"run","decl":{"start":{"line":11,"column":3},"end":{"line":27,"column":4}},"loc":{"start":{"line":11,"column":3},"end":{"line":27,"column":4}},"line":11}},"f":{"0":1,"1":1}}
,"/Users/lucaszluhan/Documents/Growdev5e/modulo7/trabalho-final-m7/src/features/notes/infra/repositories/notesRepository.ts": {"path":"/Users/lucaszluhan/Documents/Growdev5e/modulo7/trabalho-final-m7/src/features/notes/infra/repositories/notesRepository.ts","all":false,"statementMap":{"0":{"start":{"line":1,"column":0},"end":{"line":1,"column":37}},"1":{"start":{"line":2,"column":0},"end":{"line":2,"column":55}},"2":{"start":{"line":3,"column":0},"end":{"line":3,"column":89}},"3":{"start":{"line":4,"column":0},"end":{"line":4,"column":67}},"4":{"start":{"line":5,"column":0},"end":{"line":5,"column":0}},"5":{"start":{"line":6,"column":0},"end":{"line":6,"column":38}},"6":{"start":{"line":7,"column":0},"end":{"line":7,"column":41}},"7":{"start":{"line":8,"column":0},"end":{"line":8,"column":18}},"8":{"start":{"line":9,"column":0},"end":{"line":9,"column":88}},"9":{"start":{"line":10,"column":0},"end":{"line":10,"column":4}},"10":{"start":{"line":11,"column":0},"end":{"line":11,"column":0}},"11":{"start":{"line":12,"column":0},"end":{"line":12,"column":27}},"12":{"start":{"line":13,"column":0},"end":{"line":13,"column":41}},"13":{"start":{"line":14,"column":0},"end":{"line":14,"column":17}},"14":{"start":{"line":15,"column":0},"end":{"line":15,"column":23}},"15":{"start":{"line":16,"column":0},"end":{"line":16,"column":23}},"16":{"start":{"line":17,"column":0},"end":{"line":17,"column":14}},"17":{"start":{"line":18,"column":0},"end":{"line":18,"column":11}},"18":{"start":{"line":19,"column":0},"end":{"line":19,"column":9}},"19":{"start":{"line":20,"column":0},"end":{"line":20,"column":4}},"20":{"start":{"line":21,"column":0},"end":{"line":21,"column":0}},"21":{"start":{"line":22,"column":0},"end":{"line":22,"column":31}},"22":{"start":{"line":23,"column":0},"end":{"line":23,"column":41}},"23":{"start":{"line":24,"column":0},"end":{"line":24,"column":4}},"24":{"start":{"line":25,"column":0},"end":{"line":25,"column":0}},"25":{"start":{"line":26,"column":0},"end":{"line":26,"column":67}},"26":{"start":{"line":27,"column":0},"end":{"line":27,"column":41}},"27":{"start":{"line":28,"column":0},"end":{"line":28,"column":24}},"28":{"start":{"line":29,"column":0},"end":{"line":29,"column":34}},"29":{"start":{"line":30,"column":0},"end":{"line":30,"column":9}},"30":{"start":{"line":31,"column":0},"end":{"line":31,"column":4}},"31":{"start":{"line":32,"column":0},"end":{"line":32,"column":0}},"32":{"start":{"line":33,"column":0},"end":{"line":33,"column":30}},"33":{"start":{"line":34,"column":0},"end":{"line":34,"column":40}},"34":{"start":{"line":35,"column":0},"end":{"line":35,"column":4}},"35":{"start":{"line":36,"column":0},"end":{"line":36,"column":0}},"36":{"start":{"line":37,"column":0},"end":{"line":37,"column":18}},"37":{"start":{"line":38,"column":0},"end":{"line":38,"column":36}},"38":{"start":{"line":39,"column":0},"end":{"line":39,"column":4}},"39":{"start":{"line":40,"column":0},"end":{"line":40,"column":1}}},"s":{"0":1,"1":1,"2":1,"3":1,"4":1,"5":1,"6":1,"7":1,"8":1,"9":1,"10":1,"11":1,"12":1,"13":1,"14":1,"15":1,"16":1,"17":1,"18":1,"19":1,"20":1,"21":1,"22":1,"23":1,"24":1,"25":1,"26":1,"27":1,"28":1,"29":1,"30":1,"31":1,"32":1,"33":1,"34":1,"35":1,"36":1,"37":0,"38":0,"39":1},"branchMap":{"0":{"type":"branch","line":8,"loc":{"start":{"line":8,"column":3},"end":{"line":10,"column":4}},"locations":[{"start":{"line":8,"column":3},"end":{"line":10,"column":4}}]},"1":{"type":"branch","line":12,"loc":{"start":{"line":12,"column":3},"end":{"line":20,"column":4}},"locations":[{"start":{"line":12,"column":3},"end":{"line":20,"column":4}}]},"2":{"type":"branch","line":22,"loc":{"start":{"line":22,"column":3},"end":{"line":24,"column":4}},"locations":[{"start":{"line":22,"column":3},"end":{"line":24,"column":4}}]},"3":{"type":"branch","line":26,"loc":{"start":{"line":26,"column":3},"end":{"line":31,"column":4}},"locations":[{"start":{"line":26,"column":3},"end":{"line":31,"column":4}}]},"4":{"type":"branch","line":33,"loc":{"start":{"line":33,"column":3},"end":{"line":35,"column":4}},"locations":[{"start":{"line":33,"column":3},"end":{"line":35,"column":4}}]}},"b":{"0":[1],"1":[1],"2":[1],"3":[1],"4":[1]},"fnMap":{"0":{"name":"NotesRepository","decl":{"start":{"line":8,"column":3},"end":{"line":10,"column":4}},"loc":{"start":{"line":8,"column":3},"end":{"line":10,"column":4}},"line":8},"1":{"name":"list","decl":{"start":{"line":12,"column":3},"end":{"line":20,"column":4}},"loc":{"start":{"line":12,"column":3},"end":{"line":20,"column":4}},"line":12},"2":{"name":"create","decl":{"start":{"line":22,"column":3},"end":{"line":24,"column":4}},"loc":{"start":{"line":22,"column":3},"end":{"line":24,"column":4}},"line":22},"3":{"name":"update","decl":{"start":{"line":26,"column":3},"end":{"line":31,"column":4}},"loc":{"start":{"line":26,"column":3},"end":{"line":31,"column":4}},"line":26},"4":{"name":"delete","decl":{"start":{"line":33,"column":3},"end":{"line":35,"column":4}},"loc":{"start":{"line":33,"column":3},"end":{"line":35,"column":4}},"line":33},"5":{"name":"clear","decl":{"start":{"line":37,"column":3},"end":{"line":39,"column":4}},"loc":{"start":{"line":37,"column":3},"end":{"line":39,"column":4}},"line":37}},"f":{"0":1,"1":1,"2":1,"3":1,"4":1,"5":0}}
,"/Users/lucaszluhan/Documents/Growdev5e/modulo7/trabalho-final-m7/src/features/notes/presentation/controllers/createNoteController.ts": {"path":"/Users/lucaszluhan/Documents/Growdev5e/modulo7/trabalho-final-m7/src/features/notes/presentation/controllers/createNoteController.ts","all":false,"statementMap":{"0":{"start":{"line":1,"column":0},"end":{"line":1,"column":44}},"1":{"start":{"line":2,"column":0},"end":{"line":2,"column":76}},"2":{"start":{"line":3,"column":0},"end":{"line":3,"column":97}},"3":{"start":{"line":4,"column":0},"end":{"line":4,"column":71}},"4":{"start":{"line":5,"column":0},"end":{"line":5,"column":0}},"5":{"start":{"line":6,"column":0},"end":{"line":6,"column":65}},"6":{"start":{"line":7,"column":0},"end":{"line":7,"column":53}},"7":{"start":{"line":8,"column":0},"end":{"line":8,"column":0}},"8":{"start":{"line":9,"column":0},"end":{"line":9,"column":47}},"9":{"start":{"line":10,"column":0},"end":{"line":10,"column":11}},"10":{"start":{"line":11,"column":0},"end":{"line":11,"column":34}},"11":{"start":{"line":12,"column":0},"end":{"line":12,"column":50}},"12":{"start":{"line":13,"column":0},"end":{"line":13,"column":0}},"13":{"start":{"line":14,"column":0},"end":{"line":14,"column":19}},"14":{"start":{"line":15,"column":0},"end":{"line":15,"column":55}},"15":{"start":{"line":16,"column":0},"end":{"line":16,"column":10}},"16":{"start":{"line":17,"column":0},"end":{"line":17,"column":23}},"17":{"start":{"line":18,"column":0},"end":{"line":18,"column":59}},"18":{"start":{"line":19,"column":0},"end":{"line":19,"column":10}},"19":{"start":{"line":20,"column":0},"end":{"line":20,"column":28}},"20":{"start":{"line":21,"column":0},"end":{"line":21,"column":64}},"21":{"start":{"line":22,"column":0},"end":{"line":22,"column":10}},"22":{"start":{"line":23,"column":0},"end":{"line":23,"column":0}},"23":{"start":{"line":24,"column":0},"end":{"line":24,"column":61}},"24":{"start":{"line":25,"column":0},"end":{"line":25,"column":0}},"25":{"start":{"line":26,"column":0},"end":{"line":26,"column":52}},"26":{"start":{"line":27,"column":0},"end":{"line":27,"column":23}},"27":{"start":{"line":28,"column":0},"end":{"line":28,"column":64}},"28":{"start":{"line":29,"column":0},"end":{"line":29,"column":7}},"29":{"start":{"line":30,"column":0},"end":{"line":30,"column":4}},"30":{"start":{"line":31,"column":0},"end":{"line":31,"column":1}}},"s":{"0":1,"1":1,"2":1,"3":1,"4":1,"5":1,"6":1,"7":1,"8":1,"9":3,"10":3,"11":3,"12":3,"13":3,"14":0,"15":0,"16":3,"17":1,"18":1,"19":3,"20":1,"21":1,"22":1,"23":1,"24":1,"25":1,"26":3,"27":0,"28":0,"29":3,"30":1},"branchMap":{"0":{"type":"branch","line":7,"loc":{"start":{"line":7,"column":3},"end":{"line":7,"column":53}},"locations":[{"start":{"line":7,"column":3},"end":{"line":7,"column":53}}]},"1":{"type":"branch","line":9,"loc":{"start":{"line":9,"column":3},"end":{"line":30,"column":4}},"locations":[{"start":{"line":9,"column":3},"end":{"line":30,"column":4}}]},"2":{"type":"branch","line":14,"loc":{"start":{"line":14,"column":18},"end":{"line":16,"column":10}},"locations":[{"start":{"line":14,"column":18},"end":{"line":16,"column":10}}]},"3":{"type":"branch","line":17,"loc":{"start":{"line":17,"column":22},"end":{"line":19,"column":10}},"locations":[{"start":{"line":17,"column":22},"end":{"line":19,"column":10}}]},"4":{"type":"branch","line":20,"loc":{"start":{"line":20,"column":27},"end":{"line":27,"column":15}},"locations":[{"start":{"line":20,"column":27},"end":{"line":27,"column":15}}]},"5":{"type":"branch","line":27,"loc":{"start":{"line":27,"column":8},"end":{"line":29,"column":7}},"locations":[{"start":{"line":27,"column":8},"end":{"line":29,"column":7}}]}},"b":{"0":[1],"1":[3],"2":[0],"3":[1],"4":[1],"5":[0]},"fnMap":{"0":{"name":"CreateNoteController","decl":{"start":{"line":7,"column":3},"end":{"line":7,"column":53}},"loc":{"start":{"line":7,"column":3},"end":{"line":7,"column":53}},"line":7},"1":{"name":"execute","decl":{"start":{"line":9,"column":3},"end":{"line":30,"column":4}},"loc":{"start":{"line":9,"column":3},"end":{"line":30,"column":4}},"line":9}},"f":{"0":1,"1":3}}
,"/Users/lucaszluhan/Documents/Growdev5e/modulo7/trabalho-final-m7/src/features/notes/presentation/controllers/deleteNoteController.ts": {"path":"/Users/lucaszluhan/Documents/Growdev5e/modulo7/trabalho-final-m7/src/features/notes/presentation/controllers/deleteNoteController.ts","all":false,"statementMap":{"0":{"start":{"line":1,"column":0},"end":{"line":1,"column":44}},"1":{"start":{"line":2,"column":0},"end":{"line":2,"column":76}},"2":{"start":{"line":3,"column":0},"end":{"line":3,"column":97}},"3":{"start":{"line":4,"column":0},"end":{"line":4,"column":71}},"4":{"start":{"line":5,"column":0},"end":{"line":5,"column":0}},"5":{"start":{"line":6,"column":0},"end":{"line":6,"column":65}},"6":{"start":{"line":7,"column":0},"end":{"line":7,"column":53}},"7":{"start":{"line":8,"column":0},"end":{"line":8,"column":0}},"8":{"start":{"line":9,"column":0},"end":{"line":9,"column":47}},"9":{"start":{"line":10,"column":0},"end":{"line":10,"column":11}},"10":{"start":{"line":11,"column":0},"end":{"line":11,"column":43}},"11":{"start":{"line":12,"column":0},"end":{"line":12,"column":19}},"12":{"start":{"line":13,"column":0},"end":{"line":13,"column":55}},"13":{"start":{"line":14,"column":0},"end":{"line":14,"column":10}},"14":{"start":{"line":15,"column":0},"end":{"line":15,"column":0}},"15":{"start":{"line":16,"column":0},"end":{"line":16,"column":54}},"16":{"start":{"line":17,"column":0},"end":{"line":17,"column":0}},"17":{"start":{"line":18,"column":0},"end":{"line":18,"column":54}},"18":{"start":{"line":19,"column":0},"end":{"line":19,"column":23}},"19":{"start":{"line":20,"column":0},"end":{"line":20,"column":66}},"20":{"start":{"line":21,"column":0},"end":{"line":21,"column":7}},"21":{"start":{"line":22,"column":0},"end":{"line":22,"column":4}},"22":{"start":{"line":23,"column":0},"end":{"line":23,"column":1}}},"s":{"0":1,"1":1,"2":1,"3":1,"4":1,"5":1,"6":1,"7":1,"8":1,"9":1,"10":1,"11":1,"12":0,"13":0,"14":1,"15":1,"16":1,"17":1,"18":1,"19":0,"20":0,"21":1,"22":1},"branchMap":{"0":{"type":"branch","line":7,"loc":{"start":{"line":7,"column":3},"end":{"line":7,"column":53}},"locations":[{"start":{"line":7,"column":3},"end":{"line":7,"column":53}}]},"1":{"type":"branch","line":9,"loc":{"start":{"line":9,"column":3},"end":{"line":22,"column":4}},"locations":[{"start":{"line":9,"column":3},"end":{"line":22,"column":4}}]},"2":{"type":"branch","line":12,"loc":{"start":{"line":12,"column":18},"end":{"line":14,"column":10}},"locations":[{"start":{"line":12,"column":18},"end":{"line":14,"column":10}}]},"3":{"type":"branch","line":19,"loc":{"start":{"line":19,"column":8},"end":{"line":21,"column":7}},"locations":[{"start":{"line":19,"column":8},"end":{"line":21,"column":7}}]}},"b":{"0":[1],"1":[1],"2":[0],"3":[0]},"fnMap":{"0":{"name":"DeleteNoteController","decl":{"start":{"line":7,"column":3},"end":{"line":7,"column":53}},"loc":{"start":{"line":7,"column":3},"end":{"line":7,"column":53}},"line":7},"1":{"name":"execute","decl":{"start":{"line":9,"column":3},"end":{"line":22,"column":4}},"loc":{"start":{"line":9,"column":3},"end":{"line":22,"column":4}},"line":9}},"f":{"0":1,"1":1}}
,"/Users/lucaszluhan/Documents/Growdev5e/modulo7/trabalho-final-m7/src/features/notes/presentation/controllers/listNotesController.ts": {"path":"/Users/lucaszluhan/Documents/Growdev5e/modulo7/trabalho-final-m7/src/features/notes/presentation/controllers/listNotesController.ts","all":false,"statementMap":{"0":{"start":{"line":1,"column":0},"end":{"line":1,"column":44}},"1":{"start":{"line":2,"column":0},"end":{"line":2,"column":76}},"2":{"start":{"line":3,"column":0},"end":{"line":3,"column":97}},"3":{"start":{"line":4,"column":0},"end":{"line":4,"column":69}},"4":{"start":{"line":5,"column":0},"end":{"line":5,"column":0}},"5":{"start":{"line":6,"column":0},"end":{"line":6,"column":64}},"6":{"start":{"line":7,"column":0},"end":{"line":7,"column":52}},"7":{"start":{"line":8,"column":0},"end":{"line":8,"column":0}},"8":{"start":{"line":9,"column":0},"end":{"line":9,"column":47}},"9":{"start":{"line":10,"column":0},"end":{"line":10,"column":11}},"10":{"start":{"line":11,"column":0},"end":{"line":11,"column":34}},"11":{"start":{"line":12,"column":0},"end":{"line":12,"column":0}},"12":{"start":{"line":13,"column":0},"end":{"line":13,"column":19}},"13":{"start":{"line":14,"column":0},"end":{"line":14,"column":55}},"14":{"start":{"line":15,"column":0},"end":{"line":15,"column":10}},"15":{"start":{"line":16,"column":0},"end":{"line":16,"column":0}},"16":{"start":{"line":17,"column":0},"end":{"line":17,"column":61}},"17":{"start":{"line":18,"column":0},"end":{"line":18,"column":0}},"18":{"start":{"line":19,"column":0},"end":{"line":19,"column":51}},"19":{"start":{"line":20,"column":0},"end":{"line":20,"column":23}},"20":{"start":{"line":21,"column":0},"end":{"line":21,"column":66}},"21":{"start":{"line":22,"column":0},"end":{"line":22,"column":7}},"22":{"start":{"line":23,"column":0},"end":{"line":23,"column":4}},"23":{"start":{"line":24,"column":0},"end":{"line":24,"column":1}}},"s":{"0":1,"1":1,"2":1,"3":1,"4":1,"5":1,"6":1,"7":1,"8":1,"9":1,"10":1,"11":1,"12":1,"13":0,"14":0,"15":1,"16":1,"17":1,"18":1,"19":1,"20":0,"21":0,"22":1,"23":1},"branchMap":{"0":{"type":"branch","line":7,"loc":{"start":{"line":7,"column":3},"end":{"line":7,"column":52}},"locations":[{"start":{"line":7,"column":3},"end":{"line":7,"column":52}}]},"1":{"type":"branch","line":9,"loc":{"start":{"line":9,"column":3},"end":{"line":23,"column":4}},"locations":[{"start":{"line":9,"column":3},"end":{"line":23,"column":4}}]},"2":{"type":"branch","line":13,"loc":{"start":{"line":13,"column":18},"end":{"line":15,"column":10}},"locations":[{"start":{"line":13,"column":18},"end":{"line":15,"column":10}}]},"3":{"type":"branch","line":20,"loc":{"start":{"line":20,"column":8},"end":{"line":22,"column":7}},"locations":[{"start":{"line":20,"column":8},"end":{"line":22,"column":7}}]}},"b":{"0":[1],"1":[1],"2":[0],"3":[0]},"fnMap":{"0":{"name":"ListNotesController","decl":{"start":{"line":7,"column":3},"end":{"line":7,"column":52}},"loc":{"start":{"line":7,"column":3},"end":{"line":7,"column":52}},"line":7},"1":{"name":"execute","decl":{"start":{"line":9,"column":3},"end":{"line":23,"column":4}},"loc":{"start":{"line":9,"column":3},"end":{"line":23,"column":4}},"line":9}},"f":{"0":1,"1":1}}
,"/Users/lucaszluhan/Documents/Growdev5e/modulo7/trabalho-final-m7/src/features/notes/presentation/controllers/updateNoteController.ts": {"path":"/Users/lucaszluhan/Documents/Growdev5e/modulo7/trabalho-final-m7/src/features/notes/presentation/controllers/updateNoteController.ts","all":false,"statementMap":{"0":{"start":{"line":1,"column":0},"end":{"line":1,"column":44}},"1":{"start":{"line":2,"column":0},"end":{"line":2,"column":76}},"2":{"start":{"line":3,"column":0},"end":{"line":3,"column":97}},"3":{"start":{"line":4,"column":0},"end":{"line":4,"column":71}},"4":{"start":{"line":5,"column":0},"end":{"line":5,"column":71}},"5":{"start":{"line":6,"column":0},"end":{"line":6,"column":0}},"6":{"start":{"line":7,"column":0},"end":{"line":7,"column":65}},"7":{"start":{"line":8,"column":0},"end":{"line":8,"column":53}},"8":{"start":{"line":9,"column":0},"end":{"line":9,"column":0}},"9":{"start":{"line":10,"column":0},"end":{"line":10,"column":47}},"10":{"start":{"line":11,"column":0},"end":{"line":11,"column":11}},"11":{"start":{"line":12,"column":0},"end":{"line":12,"column":43}},"12":{"start":{"line":13,"column":0},"end":{"line":13,"column":50}},"13":{"start":{"line":14,"column":0},"end":{"line":14,"column":19}},"14":{"start":{"line":15,"column":0},"end":{"line":15,"column":55}},"15":{"start":{"line":16,"column":0},"end":{"line":16,"column":10}},"16":{"start":{"line":17,"column":0},"end":{"line":17,"column":23}},"17":{"start":{"line":18,"column":0},"end":{"line":18,"column":59}},"18":{"start":{"line":19,"column":0},"end":{"line":19,"column":10}},"19":{"start":{"line":20,"column":0},"end":{"line":20,"column":28}},"20":{"start":{"line":21,"column":0},"end":{"line":21,"column":64}},"21":{"start":{"line":22,"column":0},"end":{"line":22,"column":10}},"22":{"start":{"line":23,"column":0},"end":{"line":23,"column":0}},"23":{"start":{"line":24,"column":0},"end":{"line":24,"column":97}},"24":{"start":{"line":25,"column":0},"end":{"line":25,"column":0}},"25":{"start":{"line":26,"column":0},"end":{"line":26,"column":54}},"26":{"start":{"line":27,"column":0},"end":{"line":27,"column":23}},"27":{"start":{"line":28,"column":0},"end":{"line":28,"column":65}},"28":{"start":{"line":29,"column":0},"end":{"line":29,"column":7}},"29":{"start":{"line":30,"column":0},"end":{"line":30,"column":4}},"30":{"start":{"line":31,"column":0},"end":{"line":31,"column":1}}},"s":{"0":1,"1":1,"2":1,"3":1,"4":1,"5":1,"6":1,"7":1,"8":1,"9":1,"10":3,"11":3,"12":3,"13":3,"14":0,"15":0,"16":3,"17":1,"18":1,"19":3,"20":1,"21":1,"22":1,"23":1,"24":1,"25":1,"26":3,"27":0,"28":0,"29":3,"30":1},"branchMap":{"0":{"type":"branch","line":8,"loc":{"start":{"line":8,"column":3},"end":{"line":8,"column":53}},"locations":[{"start":{"line":8,"column":3},"end":{"line":8,"column":53}}]},"1":{"type":"branch","line":10,"loc":{"start":{"line":10,"column":3},"end":{"line":30,"column":4}},"locations":[{"start":{"line":10,"column":3},"end":{"line":30,"column":4}}]},"2":{"type":"branch","line":14,"loc":{"start":{"line":14,"column":18},"end":{"line":16,"column":10}},"locations":[{"start":{"line":14,"column":18},"end":{"line":16,"column":10}}]},"3":{"type":"branch","line":17,"loc":{"start":{"line":17,"column":22},"end":{"line":19,"column":10}},"locations":[{"start":{"line":17,"column":22},"end":{"line":19,"column":10}}]},"4":{"type":"branch","line":20,"loc":{"start":{"line":20,"column":27},"end":{"line":27,"column":15}},"locations":[{"start":{"line":20,"column":27},"end":{"line":27,"column":15}}]},"5":{"type":"branch","line":27,"loc":{"start":{"line":27,"column":8},"end":{"line":29,"column":7}},"locations":[{"start":{"line":27,"column":8},"end":{"line":29,"column":7}}]}},"b":{"0":[1],"1":[3],"2":[0],"3":[1],"4":[1],"5":[0]},"fnMap":{"0":{"name":"UpdateNoteController","decl":{"start":{"line":8,"column":3},"end":{"line":8,"column":53}},"loc":{"start":{"line":8,"column":3},"end":{"line":8,"column":53}},"line":8},"1":{"name":"execute","decl":{"start":{"line":10,"column":3},"end":{"line":30,"column":4}},"loc":{"start":{"line":10,"column":3},"end":{"line":30,"column":4}},"line":10}},"f":{"0":1,"1":3}}
,"/Users/lucaszluhan/Documents/Growdev5e/modulo7/trabalho-final-m7/src/features/notes/presentation/routes/notesRoutes.ts": {"path":"/Users/lucaszluhan/Documents/Growdev5e/modulo7/trabalho-final-m7/src/features/notes/presentation/routes/notesRoutes.ts","all":false,"statementMap":{"0":{"start":{"line":1,"column":0},"end":{"line":1,"column":52}},"1":{"start":{"line":2,"column":0},"end":{"line":2,"column":86}},"2":{"start":{"line":3,"column":0},"end":{"line":3,"column":71}},"3":{"start":{"line":4,"column":0},"end":{"line":4,"column":71}},"4":{"start":{"line":5,"column":0},"end":{"line":5,"column":69}},"5":{"start":{"line":6,"column":0},"end":{"line":6,"column":71}},"6":{"start":{"line":7,"column":0},"end":{"line":7,"column":71}},"7":{"start":{"line":8,"column":0},"end":{"line":8,"column":71}},"8":{"start":{"line":9,"column":0},"end":{"line":9,"column":71}},"9":{"start":{"line":10,"column":0},"end":{"line":10,"column":69}},"10":{"start":{"line":11,"column":0},"end":{"line":11,"column":71}},"11":{"start":{"line":12,"column":0},"end":{"line":12,"column":0}},"12":{"start":{"line":13,"column":0},"end":{"line":13,"column":34}},"13":{"start":{"line":14,"column":0},"end":{"line":14,"column":32}},"14":{"start":{"line":15,"column":0},"end":{"line":15,"column":28}},"15":{"start":{"line":16,"column":0},"end":{"line":16,"column":0}},"16":{"start":{"line":17,"column":0},"end":{"line":17,"column":44}},"17":{"start":{"line":18,"column":0},"end":{"line":18,"column":44}},"18":{"start":{"line":19,"column":0},"end":{"line":19,"column":0}},"19":{"start":{"line":20,"column":0},"end":{"line":20,"column":67}},"20":{"start":{"line":21,"column":0},"end":{"line":21,"column":70}},"21":{"start":{"line":22,"column":0},"end":{"line":22,"column":70}},"22":{"start":{"line":23,"column":0},"end":{"line":23,"column":70}},"23":{"start":{"line":24,"column":0},"end":{"line":24,"column":0}},"24":{"start":{"line":25,"column":0},"end":{"line":25,"column":69}},"25":{"start":{"line":26,"column":0},"end":{"line":26,"column":73}},"26":{"start":{"line":27,"column":0},"end":{"line":27,"column":73}},"27":{"start":{"line":28,"column":0},"end":{"line":28,"column":73}},"28":{"start":{"line":29,"column":0},"end":{"line":29,"column":0}},"29":{"start":{"line":30,"column":0},"end":{"line":30,"column":59}},"30":{"start":{"line":31,"column":0},"end":{"line":31,"column":47}},"31":{"start":{"line":32,"column":0},"end":{"line":32,"column":9}},"32":{"start":{"line":33,"column":0},"end":{"line":33,"column":60}},"33":{"start":{"line":34,"column":0},"end":{"line":34,"column":48}},"34":{"start":{"line":35,"column":0},"end":{"line":35,"column":9}},"35":{"start":{"line":36,"column":0},"end":{"line":36,"column":67}},"36":{"start":{"line":37,"column":0},"end":{"line":37,"column":48}},"37":{"start":{"line":38,"column":0},"end":{"line":38,"column":9}},"38":{"start":{"line":39,"column":0},"end":{"line":39,"column":70}},"39":{"start":{"line":40,"column":0},"end":{"line":40,"column":48}},"40":{"start":{"line":41,"column":0},"end":{"line":41,"column":9}},"41":{"start":{"line":42,"column":0},"end":{"line":42,"column":0}},"42":{"start":{"line":43,"column":0},"end":{"line":43,"column":20}},"43":{"start":{"line":44,"column":0},"end":{"line":44,"column":4}},"44":{"start":{"line":45,"column":0},"end":{"line":45,"column":1}}},"s":{"0":1,"1":1,"2":1,"3":1,"4":1,"5":1,"6":1,"7":1,"8":1,"9":1,"10":1,"11":1,"12":1,"13":1,"14":1,"15":1,"16":1,"17":1,"18":1,"19":1,"20":1,"21":1,"22":1,"23":1,"24":1,"25":1,"26":1,"27":1,"28":1,"29":1,"30":1,"31":1,"32":1,"33":3,"34":1,"35":1,"36":3,"37":1,"38":1,"39":1,"40":1,"41":1,"42":1,"43":1,"44":1},"branchMap":{"0":{"type":"branch","line":14,"loc":{"start":{"line":14,"column":10},"end":{"line":44,"column":4}},"locations":[{"start":{"line":14,"column":10},"end":{"line":44,"column":4}}]},"1":{"type":"branch","line":30,"loc":{"start":{"line":30,"column":25},"end":{"line":32,"column":7}},"locations":[{"start":{"line":30,"column":25},"end":{"line":32,"column":7}}]},"2":{"type":"branch","line":33,"loc":{"start":{"line":33,"column":26},"end":{"line":35,"column":7}},"locations":[{"start":{"line":33,"column":26},"end":{"line":35,"column":7}}]},"3":{"type":"branch","line":36,"loc":{"start":{"line":36,"column":33},"end":{"line":38,"column":7}},"locations":[{"start":{"line":36,"column":33},"end":{"line":38,"column":7}}]},"4":{"type":"branch","line":39,"loc":{"start":{"line":39,"column":36},"end":{"line":41,"column":7}},"locations":[{"start":{"line":39,"column":36},"end":{"line":41,"column":7}}]}},"b":{"0":[1],"1":[1],"2":[3],"3":[3],"4":[1]},"fnMap":{"0":{"name":"initRouter","decl":{"start":{"line":14,"column":10},"end":{"line":44,"column":4}},"loc":{"start":{"line":14,"column":10},"end":{"line":44,"column":4}},"line":14}},"f":{"0":1}}
,"/Users/lucaszluhan/Documents/Growdev5e/modulo7/trabalho-final-m7/src/features/users/domain/errors/senhaIncorreta.ts": {"path":"/Users/lucaszluhan/Documents/Growdev5e/modulo7/trabalho-final-m7/src/features/users/domain/errors/senhaIncorreta.ts","all":false,"statementMap":{"0":{"start":{"line":1,"column":0},"end":{"line":1,"column":69}},"1":{"start":{"line":2,"column":0},"end":{"line":2,"column":0}},"2":{"start":{"line":3,"column":0},"end":{"line":3,"column":57}},"3":{"start":{"line":4,"column":0},"end":{"line":4,"column":18}},"4":{"start":{"line":5,"column":0},"end":{"line":5,"column":37}},"5":{"start":{"line":6,"column":0},"end":{"line":6,"column":35}},"6":{"start":{"line":7,"column":0},"end":{"line":7,"column":4}},"7":{"start":{"line":8,"column":0},"end":{"line":8,"column":1}}},"s":{"0":1,"1":1,"2":1,"3":1,"4":1,"5":1,"6":1,"7":1},"branchMap":{"0":{"type":"branch","line":4,"loc":{"start":{"line":4,"column":3},"end":{"line":7,"column":4}},"locations":[{"start":{"line":4,"column":3},"end":{"line":7,"column":4}}]}},"b":{"0":[1]},"fnMap":{"0":{"name":"senhaIncorreta","decl":{"start":{"line":4,"column":3},"end":{"line":7,"column":4}},"loc":{"start":{"line":4,"column":3},"end":{"line":7,"column":4}},"line":4}},"f":{"0":1}}
,"/Users/lucaszluhan/Documents/Growdev5e/modulo7/trabalho-final-m7/src/features/users/domain/errors/usuarioExiste.ts": {"path":"/Users/lucaszluhan/Documents/Growdev5e/modulo7/trabalho-final-m7/src/features/users/domain/errors/usuarioExiste.ts","all":false,"statementMap":{"0":{"start":{"line":1,"column":0},"end":{"line":1,"column":69}},"1":{"start":{"line":2,"column":0},"end":{"line":2,"column":0}},"2":{"start":{"line":3,"column":0},"end":{"line":3,"column":56}},"3":{"start":{"line":4,"column":0},"end":{"line":4,"column":30}},"4":{"start":{"line":5,"column":0},"end":{"line":5,"column":47}},"5":{"start":{"line":6,"column":0},"end":{"line":6,"column":39}},"6":{"start":{"line":7,"column":0},"end":{"line":7,"column":4}},"7":{"start":{"line":8,"column":0},"end":{"line":8,"column":1}}},"s":{"0":1,"1":1,"2":1,"3":1,"4":1,"5":1,"6":1,"7":1},"branchMap":{"0":{"type":"branch","line":4,"loc":{"start":{"line":4,"column":3},"end":{"line":7,"column":4}},"locations":[{"start":{"line":4,"column":3},"end":{"line":7,"column":4}}]}},"b":{"0":[1]},"fnMap":{"0":{"name":"UsuarioExiste","decl":{"start":{"line":4,"column":3},"end":{"line":7,"column":4}},"loc":{"start":{"line":4,"column":3},"end":{"line":7,"column":4}},"line":4}},"f":{"0":1}}
,"/Users/lucaszluhan/Documents/Growdev5e/modulo7/trabalho-final-m7/src/features/users/domain/usecase/createUserUsecase.ts": {"path":"/Users/lucaszluhan/Documents/Growdev5e/modulo7/trabalho-final-m7/src/features/users/domain/usecase/createUserUsecase.ts","all":false,"statementMap":{"0":{"start":{"line":1,"column":0},"end":{"line":1,"column":36}},"1":{"start":{"line":2,"column":0},"end":{"line":2,"column":64}},"2":{"start":{"line":3,"column":0},"end":{"line":3,"column":71}},"3":{"start":{"line":4,"column":0},"end":{"line":4,"column":52}},"4":{"start":{"line":5,"column":0},"end":{"line":5,"column":57}},"5":{"start":{"line":6,"column":0},"end":{"line":6,"column":0}},"6":{"start":{"line":7,"column":0},"end":{"line":7,"column":59}},"7":{"start":{"line":8,"column":0},"end":{"line":8,"column":54}},"8":{"start":{"line":9,"column":0},"end":{"line":9,"column":0}},"9":{"start":{"line":10,"column":0},"end":{"line":10,"column":38}},"10":{"start":{"line":11,"column":0},"end":{"line":11,"column":59}},"11":{"start":{"line":12,"column":0},"end":{"line":12,"column":0}},"12":{"start":{"line":13,"column":0},"end":{"line":13,"column":54}},"13":{"start":{"line":14,"column":0},"end":{"line":14,"column":0}},"14":{"start":{"line":15,"column":0},"end":{"line":15,"column":36}},"15":{"start":{"line":16,"column":0},"end":{"line":16,"column":27}},"16":{"start":{"line":17,"column":0},"end":{"line":17,"column":25}},"17":{"start":{"line":18,"column":0},"end":{"line":18,"column":33}},"18":{"start":{"line":19,"column":0},"end":{"line":19,"column":9}},"19":{"start":{"line":20,"column":0},"end":{"line":20,"column":4}},"20":{"start":{"line":21,"column":0},"end":{"line":21,"column":1}}},"s":{"0":1,"1":1,"2":1,"3":1,"4":1,"5":1,"6":1,"7":1,"8":1,"9":1,"10":1,"11":1,"12":1,"13":1,"14":1,"15":1,"16":1,"17":1,"18":1,"19":1,"20":1},"branchMap":{"0":{"type":"branch","line":8,"loc":{"start":{"line":8,"column":3},"end":{"line":8,"column":54}},"locations":[{"start":{"line":8,"column":3},"end":{"line":8,"column":54}}]},"1":{"type":"branch","line":10,"loc":{"start":{"line":10,"column":3},"end":{"line":20,"column":4}},"locations":[{"start":{"line":10,"column":3},"end":{"line":20,"column":4}}]},"2":{"type":"branch","line":13,"loc":{"start":{"line":13,"column":19},"end":{"line":13,"column":54}},"locations":[{"start":{"line":13,"column":19},"end":{"line":13,"column":54}}]}},"b":{"0":[1],"1":[1],"2":[0]},"fnMap":{"0":{"name":"CreateUserUsecase","decl":{"start":{"line":8,"column":3},"end":{"line":8,"column":54}},"loc":{"start":{"line":8,"column":3},"end":{"line":8,"column":54}},"line":8},"1":{"name":"run","decl":{"start":{"line":10,"column":3},"end":{"line":20,"column":4}},"loc":{"start":{"line":10,"column":3},"end":{"line":20,"column":4}},"line":10}},"f":{"0":1,"1":1}}
,"/Users/lucaszluhan/Documents/Growdev5e/modulo7/trabalho-final-m7/src/features/users/domain/usecase/listUsersUsecase.ts": {"path":"/Users/lucaszluhan/Documents/Growdev5e/modulo7/trabalho-final-m7/src/features/users/domain/usecase/listUsersUsecase.ts","all":false,"statementMap":{"0":{"start":{"line":1,"column":0},"end":{"line":1,"column":64}},"1":{"start":{"line":2,"column":0},"end":{"line":2,"column":73}},"2":{"start":{"line":3,"column":0},"end":{"line":3,"column":71}},"3":{"start":{"line":4,"column":0},"end":{"line":4,"column":0}},"4":{"start":{"line":5,"column":0},"end":{"line":5,"column":58}},"5":{"start":{"line":6,"column":0},"end":{"line":6,"column":54}},"6":{"start":{"line":7,"column":0},"end":{"line":7,"column":0}},"7":{"start":{"line":8,"column":0},"end":{"line":8,"column":16}},"8":{"start":{"line":9,"column":0},"end":{"line":9,"column":47}},"9":{"start":{"line":10,"column":0},"end":{"line":10,"column":0}},"10":{"start":{"line":11,"column":0},"end":{"line":11,"column":19}},"11":{"start":{"line":12,"column":0},"end":{"line":12,"column":42}},"12":{"start":{"line":13,"column":0},"end":{"line":13,"column":7}},"13":{"start":{"line":14,"column":0},"end":{"line":14,"column":0}},"14":{"start":{"line":15,"column":0},"end":{"line":15,"column":19}},"15":{"start":{"line":16,"column":0},"end":{"line":16,"column":4}},"16":{"start":{"line":17,"column":0},"end":{"line":17,"column":1}}},"s":{"0":1,"1":1,"2":1,"3":1,"4":1,"5":1,"6":1,"7":1,"8":1,"9":1,"10":1,"11":0,"12":0,"13":1,"14":1,"15":1,"16":1},"branchMap":{"0":{"type":"branch","line":6,"loc":{"start":{"line":6,"column":3},"end":{"line":6,"column":54}},"locations":[{"start":{"line":6,"column":3},"end":{"line":6,"column":54}}]},"1":{"type":"branch","line":8,"loc":{"start":{"line":8,"column":3},"end":{"line":16,"column":4}},"locations":[{"start":{"line":8,"column":3},"end":{"line":16,"column":4}}]},"2":{"type":"branch","line":11,"loc":{"start":{"line":11,"column":18},"end":{"line":13,"column":7}},"locations":[{"start":{"line":11,"column":18},"end":{"line":13,"column":7}}]}},"b":{"0":[1],"1":[1],"2":[0]},"fnMap":{"0":{"name":"ListUsersUsecase","decl":{"start":{"line":6,"column":3},"end":{"line":6,"column":54}},"loc":{"start":{"line":6,"column":3},"end":{"line":6,"column":54}},"line":6},"1":{"name":"run","decl":{"start":{"line":8,"column":3},"end":{"line":16,"column":4}},"loc":{"start":{"line":8,"column":3},"end":{"line":16,"column":4}},"line":8}},"f":{"0":1,"1":1}}
,"/Users/lucaszluhan/Documents/Growdev5e/modulo7/trabalho-final-m7/src/features/users/domain/usecase/loginUsecase.ts": {"path":"/Users/lucaszluhan/Documents/Growdev5e/modulo7/trabalho-final-m7/src/features/users/domain/usecase/loginUsecase.ts","all":false,"statementMap":{"0":{"start":{"line":1,"column":0},"end":{"line":1,"column":64}},"1":{"start":{"line":2,"column":0},"end":{"line":2,"column":73}},"2":{"start":{"line":3,"column":0},"end":{"line":3,"column":71}},"3":{"start":{"line":4,"column":0},"end":{"line":4,"column":54}},"4":{"start":{"line":5,"column":0},"end":{"line":5,"column":47}},"5":{"start":{"line":6,"column":0},"end":{"line":6,"column":0}},"6":{"start":{"line":7,"column":0},"end":{"line":7,"column":54}},"7":{"start":{"line":8,"column":0},"end":{"line":8,"column":54}},"8":{"start":{"line":9,"column":0},"end":{"line":9,"column":0}},"9":{"start":{"line":10,"column":0},"end":{"line":10,"column":33}},"10":{"start":{"line":11,"column":0},"end":{"line":11,"column":62}},"11":{"start":{"line":12,"column":0},"end":{"line":12,"column":0}},"12":{"start":{"line":13,"column":0},"end":{"line":13,"column":53}},"13":{"start":{"line":14,"column":0},"end":{"line":14,"column":74}},"14":{"start":{"line":15,"column":0},"end":{"line":15,"column":0}},"15":{"start":{"line":16,"column":0},"end":{"line":16,"column":41}},"16":{"start":{"line":17,"column":0},"end":{"line":17,"column":0}},"17":{"start":{"line":18,"column":0},"end":{"line":18,"column":20}},"18":{"start":{"line":19,"column":0},"end":{"line":19,"column":4}},"19":{"start":{"line":20,"column":0},"end":{"line":20,"column":1}}},"s":{"0":1,"1":1,"2":1,"3":1,"4":1,"5":1,"6":1,"7":1,"8":1,"9":1,"10":2,"11":2,"12":2,"13":1,"14":2,"15":2,"16":2,"17":2,"18":2,"19":1},"branchMap":{"0":{"type":"branch","line":8,"loc":{"start":{"line":8,"column":3},"end":{"line":8,"column":54}},"locations":[{"start":{"line":8,"column":3},"end":{"line":8,"column":54}}]},"1":{"type":"branch","line":10,"loc":{"start":{"line":10,"column":3},"end":{"line":19,"column":4}},"locations":[{"start":{"line":10,"column":3},"end":{"line":19,"column":4}}]},"2":{"type":"branch","line":13,"loc":{"start":{"line":13,"column":21},"end":{"line":14,"column":74}},"locations":[{"start":{"line":13,"column":21},"end":{"line":14,"column":74}}]}},"b":{"0":[2],"1":[2],"2":[1]},"fnMap":{"0":{"name":"LoginUsecase","decl":{"start":{"line":8,"column":3},"end":{"line":8,"column":54}},"loc":{"start":{"line":8,"column":3},"end":{"line":8,"column":54}},"line":8},"1":{"name":"run","decl":{"start":{"line":10,"column":3},"end":{"line":19,"column":4}},"loc":{"start":{"line":10,"column":3},"end":{"line":19,"column":4}},"line":10}},"f":{"0":2,"1":2}}
,"/Users/lucaszluhan/Documents/Growdev5e/modulo7/trabalho-final-m7/src/features/users/infra/repositories/usersRepository.ts": {"path":"/Users/lucaszluhan/Documents/Growdev5e/modulo7/trabalho-final-m7/src/features/users/infra/repositories/usersRepository.ts","all":false,"statementMap":{"0":{"start":{"line":1,"column":0},"end":{"line":1,"column":37}},"1":{"start":{"line":2,"column":0},"end":{"line":2,"column":55}},"2":{"start":{"line":3,"column":0},"end":{"line":3,"column":89}},"3":{"start":{"line":4,"column":0},"end":{"line":4,"column":67}},"4":{"start":{"line":5,"column":0},"end":{"line":5,"column":0}},"5":{"start":{"line":6,"column":0},"end":{"line":6,"column":38}},"6":{"start":{"line":7,"column":0},"end":{"line":7,"column":41}},"7":{"start":{"line":8,"column":0},"end":{"line":8,"column":18}},"8":{"start":{"line":9,"column":0},"end":{"line":9,"column":88}},"9":{"start":{"line":10,"column":0},"end":{"line":10,"column":4}},"10":{"start":{"line":11,"column":0},"end":{"line":11,"column":17}},"11":{"start":{"line":12,"column":0},"end":{"line":12,"column":42}},"12":{"start":{"line":13,"column":0},"end":{"line":13,"column":4}},"13":{"start":{"line":14,"column":0},"end":{"line":14,"column":31}},"14":{"start":{"line":15,"column":0},"end":{"line":15,"column":41}},"15":{"start":{"line":16,"column":0},"end":{"line":16,"column":4}},"16":{"start":{"line":17,"column":0},"end":{"line":17,"column":33}},"17":{"start":{"line":18,"column":0},"end":{"line":18,"column":56}},"18":{"start":{"line":19,"column":0},"end":{"line":19,"column":4}},"19":{"start":{"line":20,"column":0},"end":{"line":20,"column":18}},"20":{"start":{"line":21,"column":0},"end":{"line":21,"column":36}},"21":{"start":{"line":22,"column":0},"end":{"line":22,"column":4}},"22":{"start":{"line":23,"column":0},"end":{"line":23,"column":1}}},"s":{"0":1,"1":1,"2":1,"3":1,"4":1,"5":1,"6":1,"7":1,"8":2,"9":2,"10":1,"11":1,"12":1,"13":1,"14":1,"15":1,"16":1,"17":1,"18":1,"19":1,"20":0,"21":0,"22":1},"branchMap":{"0":{"type":"branch","line":8,"loc":{"start":{"line":8,"column":3},"end":{"line":10,"column":4}},"locations":[{"start":{"line":8,"column":3},"end":{"line":10,"column":4}}]},"1":{"type":"branch","line":11,"loc":{"start":{"line":11,"column":3},"end":{"line":13,"column":4}},"locations":[{"start":{"line":11,"column":3},"end":{"line":13,"column":4}}]},"2":{"type":"branch","line":14,"loc":{"start":{"line":14,"column":3},"end":{"line":16,"column":4}},"locations":[{"start":{"line":14,"column":3},"end":{"line":16,"column":4}}]},"3":{"type":"branch","line":17,"loc":{"start":{"line":17,"column":3},"end":{"line":19,"column":4}},"locations":[{"start":{"line":17,"column":3},"end":{"line":19,"column":4}}]}},"b":{"0":[2],"1":[1],"2":[1],"3":[1]},"fnMap":{"0":{"name":"UsersRepository","decl":{"start":{"line":8,"column":3},"end":{"line":10,"column":4}},"loc":{"start":{"line":8,"column":3},"end":{"line":10,"column":4}},"line":8},"1":{"name":"list","decl":{"start":{"line":11,"column":3},"end":{"line":13,"column":4}},"loc":{"start":{"line":11,"column":3},"end":{"line":13,"column":4}},"line":11},"2":{"name":"create","decl":{"start":{"line":14,"column":3},"end":{"line":16,"column":4}},"loc":{"start":{"line":14,"column":3},"end":{"line":16,"column":4}},"line":14},"3":{"name":"findUser","decl":{"start":{"line":17,"column":3},"end":{"line":19,"column":4}},"loc":{"start":{"line":17,"column":3},"end":{"line":19,"column":4}},"line":17},"4":{"name":"clear","decl":{"start":{"line":20,"column":3},"end":{"line":22,"column":4}},"loc":{"start":{"line":20,"column":3},"end":{"line":22,"column":4}},"line":20}},"f":{"0":2,"1":1,"2":1,"3":1,"4":0}}
,"/Users/lucaszluhan/Documents/Growdev5e/modulo7/trabalho-final-m7/src/features/users/presentation/controllers/createUserController.ts": {"path":"/Users/lucaszluhan/Documents/Growdev5e/modulo7/trabalho-final-m7/src/features/users/presentation/controllers/createUserController.ts","all":false,"statementMap":{"0":{"start":{"line":1,"column":0},"end":{"line":1,"column":44}},"1":{"start":{"line":2,"column":0},"end":{"line":2,"column":76}},"2":{"start":{"line":3,"column":0},"end":{"line":3,"column":97}},"3":{"start":{"line":4,"column":0},"end":{"line":4,"column":71}},"4":{"start":{"line":5,"column":0},"end":{"line":5,"column":0}},"5":{"start":{"line":6,"column":0},"end":{"line":6,"column":65}},"6":{"start":{"line":7,"column":0},"end":{"line":7,"column":53}},"7":{"start":{"line":8,"column":0},"end":{"line":8,"column":0}},"8":{"start":{"line":9,"column":0},"end":{"line":9,"column":47}},"9":{"start":{"line":10,"column":0},"end":{"line":10,"column":11}},"10":{"start":{"line":11,"column":0},"end":{"line":11,"column":45}},"11":{"start":{"line":12,"column":0},"end":{"line":12,"column":0}},"12":{"start":{"line":13,"column":0},"end":{"line":13,"column":21}},"13":{"start":{"line":14,"column":0},"end":{"line":14,"column":57}},"14":{"start":{"line":15,"column":0},"end":{"line":15,"column":10}},"15":{"start":{"line":16,"column":0},"end":{"line":16,"column":25}},"16":{"start":{"line":17,"column":0},"end":{"line":17,"column":61}},"17":{"start":{"line":18,"column":0},"end":{"line":18,"column":10}},"18":{"start":{"line":19,"column":0},"end":{"line":19,"column":0}},"19":{"start":{"line":20,"column":0},"end":{"line":20,"column":68}},"20":{"start":{"line":21,"column":0},"end":{"line":21,"column":0}},"21":{"start":{"line":22,"column":0},"end":{"line":22,"column":55}},"22":{"start":{"line":23,"column":0},"end":{"line":23,"column":23}},"23":{"start":{"line":24,"column":0},"end":{"line":24,"column":67}},"24":{"start":{"line":25,"column":0},"end":{"line":25,"column":7}},"25":{"start":{"line":26,"column":0},"end":{"line":26,"column":4}},"26":{"start":{"line":27,"column":0},"end":{"line":27,"column":1}}},"s":{"0":1,"1":1,"2":1,"3":1,"4":1,"5":1,"6":1,"7":1,"8":1,"9":3,"10":3,"11":3,"12":3,"13":1,"14":1,"15":3,"16":1,"17":1,"18":1,"19":1,"20":1,"21":1,"22":3,"23":0,"24":0,"25":3,"26":1},"branchMap":{"0":{"type":"branch","line":7,"loc":{"start":{"line":7,"column":3},"end":{"line":7,"column":53}},"locations":[{"start":{"line":7,"column":3},"end":{"line":7,"column":53}}]},"1":{"type":"branch","line":9,"loc":{"start":{"line":9,"column":3},"end":{"line":26,"column":4}},"locations":[{"start":{"line":9,"column":3},"end":{"line":26,"column":4}}]},"2":{"type":"branch","line":13,"loc":{"start":{"line":13,"column":20},"end":{"line":15,"column":10}},"locations":[{"start":{"line":13,"column":20},"end":{"line":15,"column":10}}]},"3":{"type":"branch","line":16,"loc":{"start":{"line":16,"column":-1},"end":{"line":16,"column":24}},"locations":[{"start":{"line":16,"column":-1},"end":{"line":16,"column":24}}]},"4":{"type":"branch","line":16,"loc":{"start":{"line":16,"column":24},"end":{"line":23,"column":15}},"locations":[{"start":{"line":16,"column":24},"end":{"line":23,"column":15}}]},"5":{"type":"branch","line":23,"loc":{"start":{"line":23,"column":8},"end":{"line":25,"column":7}},"locations":[{"start":{"line":23,"column":8},"end":{"line":25,"column":7}}]}},"b":{"0":[1],"1":[3],"2":[1],"3":[2],"4":[1],"5":[0]},"fnMap":{"0":{"name":"CreateUserController","decl":{"start":{"line":7,"column":3},"end":{"line":7,"column":53}},"loc":{"start":{"line":7,"column":3},"end":{"line":7,"column":53}},"line":7},"1":{"name":"execute","decl":{"start":{"line":9,"column":3},"end":{"line":26,"column":4}},"loc":{"start":{"line":9,"column":3},"end":{"line":26,"column":4}},"line":9}},"f":{"0":1,"1":3}}
,"/Users/lucaszluhan/Documents/Growdev5e/modulo7/trabalho-final-m7/src/features/users/presentation/controllers/listUsersController.ts": {"path":"/Users/lucaszluhan/Documents/Growdev5e/modulo7/trabalho-final-m7/src/features/users/presentation/controllers/listUsersController.ts","all":false,"statementMap":{"0":{"start":{"line":1,"column":0},"end":{"line":1,"column":44}},"1":{"start":{"line":2,"column":0},"end":{"line":2,"column":76}},"2":{"start":{"line":3,"column":0},"end":{"line":3,"column":85}},"3":{"start":{"line":4,"column":0},"end":{"line":4,"column":69}},"4":{"start":{"line":5,"column":0},"end":{"line":5,"column":0}},"5":{"start":{"line":6,"column":0},"end":{"line":6,"column":64}},"6":{"start":{"line":7,"column":0},"end":{"line":7,"column":52}},"7":{"start":{"line":8,"column":0},"end":{"line":8,"column":0}},"8":{"start":{"line":9,"column":0},"end":{"line":9,"column":47}},"9":{"start":{"line":10,"column":0},"end":{"line":10,"column":11}},"10":{"start":{"line":11,"column":0},"end":{"line":11,"column":47}},"11":{"start":{"line":12,"column":0},"end":{"line":12,"column":0}},"12":{"start":{"line":13,"column":0},"end":{"line":13,"column":54}},"13":{"start":{"line":14,"column":0},"end":{"line":14,"column":23}},"14":{"start":{"line":15,"column":0},"end":{"line":15,"column":69}},"15":{"start":{"line":16,"column":0},"end":{"line":16,"column":7}},"16":{"start":{"line":17,"column":0},"end":{"line":17,"column":4}},"17":{"start":{"line":18,"column":0},"end":{"line":18,"column":1}}},"s":{"0":1,"1":1,"2":1,"3":1,"4":1,"5":1,"6":1,"7":1,"8":1,"9":1,"10":1,"11":1,"12":1,"13":1,"14":0,"15":0,"16":1,"17":1},"branchMap":{"0":{"type":"branch","line":7,"loc":{"start":{"line":7,"column":3},"end":{"line":7,"column":52}},"locations":[{"start":{"line":7,"column":3},"end":{"line":7,"column":52}}]},"1":{"type":"branch","line":9,"loc":{"start":{"line":9,"column":3},"end":{"line":17,"column":4}},"locations":[{"start":{"line":9,"column":3},"end":{"line":17,"column":4}}]},"2":{"type":"branch","line":14,"loc":{"start":{"line":14,"column":8},"end":{"line":16,"column":7}},"locations":[{"start":{"line":14,"column":8},"end":{"line":16,"column":7}}]}},"b":{"0":[1],"1":[1],"2":[0]},"fnMap":{"0":{"name":"ListUsersController","decl":{"start":{"line":7,"column":3},"end":{"line":7,"column":52}},"loc":{"start":{"line":7,"column":3},"end":{"line":7,"column":52}},"line":7},"1":{"name":"execute","decl":{"start":{"line":9,"column":3},"end":{"line":17,"column":4}},"loc":{"start":{"line":9,"column":3},"end":{"line":17,"column":4}},"line":9}},"f":{"0":1,"1":1}}
,"/Users/lucaszluhan/Documents/Growdev5e/modulo7/trabalho-final-m7/src/features/users/presentation/controllers/loginUserController.ts": {"path":"/Users/lucaszluhan/Documents/Growdev5e/modulo7/trabalho-final-m7/src/features/users/presentation/controllers/loginUserController.ts","all":false,"statementMap":{"0":{"start":{"line":1,"column":0},"end":{"line":1,"column":78}},"1":{"start":{"line":2,"column":0},"end":{"line":2,"column":99}},"2":{"start":{"line":3,"column":0},"end":{"line":3,"column":44}},"3":{"start":{"line":4,"column":0},"end":{"line":4,"column":61}},"4":{"start":{"line":5,"column":0},"end":{"line":5,"column":0}},"5":{"start":{"line":6,"column":0},"end":{"line":6,"column":64}},"6":{"start":{"line":7,"column":0},"end":{"line":7,"column":48}},"7":{"start":{"line":8,"column":0},"end":{"line":8,"column":0}},"8":{"start":{"line":9,"column":0},"end":{"line":9,"column":47}},"9":{"start":{"line":10,"column":0},"end":{"line":10,"column":11}},"10":{"start":{"line":11,"column":0},"end":{"line":11,"column":45}},"11":{"start":{"line":12,"column":0},"end":{"line":12,"column":0}},"12":{"start":{"line":13,"column":0},"end":{"line":13,"column":21}},"13":{"start":{"line":14,"column":0},"end":{"line":14,"column":57}},"14":{"start":{"line":15,"column":0},"end":{"line":15,"column":10}},"15":{"start":{"line":16,"column":0},"end":{"line":16,"column":25}},"16":{"start":{"line":17,"column":0},"end":{"line":17,"column":61}},"17":{"start":{"line":18,"column":0},"end":{"line":18,"column":10}},"18":{"start":{"line":19,"column":0},"end":{"line":19,"column":0}},"19":{"start":{"line":20,"column":0},"end":{"line":20,"column":79}},"20":{"start":{"line":21,"column":0},"end":{"line":21,"column":0}},"21":{"start":{"line":22,"column":0},"end":{"line":22,"column":53}},"22":{"start":{"line":23,"column":0},"end":{"line":23,"column":23}},"23":{"start":{"line":24,"column":0},"end":{"line":24,"column":59}},"24":{"start":{"line":25,"column":0},"end":{"line":25,"column":7}},"25":{"start":{"line":26,"column":0},"end":{"line":26,"column":4}},"26":{"start":{"line":27,"column":0},"end":{"line":27,"column":1}}},"s":{"0":1,"1":1,"2":1,"3":1,"4":1,"5":1,"6":1,"7":1,"8":1,"9":3,"10":3,"11":3,"12":3,"13":1,"14":1,"15":3,"16":1,"17":1,"18":1,"19":1,"20":1,"21":1,"22":3,"23":0,"24":0,"25":3,"26":1},"branchMap":{"0":{"type":"branch","line":7,"loc":{"start":{"line":7,"column":3},"end":{"line":7,"column":48}},"locations":[{"start":{"line":7,"column":3},"end":{"line":7,"column":48}}]},"1":{"type":"branch","line":9,"loc":{"start":{"line":9,"column":3},"end":{"line":26,"column":4}},"locations":[{"start":{"line":9,"column":3},"end":{"line":26,"column":4}}]},"2":{"type":"branch","line":13,"loc":{"start":{"line":13,"column":20},"end":{"line":15,"column":10}},"locations":[{"start":{"line":13,"column":20},"end":{"line":15,"column":10}}]},"3":{"type":"branch","line":16,"loc":{"start":{"line":16,"column":-1},"end":{"line":16,"column":24}},"locations":[{"start":{"line":16,"column":-1},"end":{"line":16,"column":24}}]},"4":{"type":"branch","line":16,"loc":{"start":{"line":16,"column":24},"end":{"line":23,"column":15}},"locations":[{"start":{"line":16,"column":24},"end":{"line":23,"column":15}}]},"5":{"type":"branch","line":23,"loc":{"start":{"line":23,"column":8},"end":{"line":25,"column":7}},"locations":[{"start":{"line":23,"column":8},"end":{"line":25,"column":7}}]}},"b":{"0":[1],"1":[3],"2":[1],"3":[2],"4":[1],"5":[0]},"fnMap":{"0":{"name":"LoginUserController","decl":{"start":{"line":7,"column":3},"end":{"line":7,"column":48}},"loc":{"start":{"line":7,"column":3},"end":{"line":7,"column":48}},"line":7},"1":{"name":"execute","decl":{"start":{"line":9,"column":3},"end":{"line":26,"column":4}},"loc":{"start":{"line":9,"column":3},"end":{"line":26,"column":4}},"line":9}},"f":{"0":1,"1":3}}
,"/Users/lucaszluhan/Documents/Growdev5e/modulo7/trabalho-final-m7/src/features/users/presentation/routes/usersRoutes.ts": {"path":"/Users/lucaszluhan/Documents/Growdev5e/modulo7/trabalho-final-m7/src/features/users/presentation/routes/usersRoutes.ts","all":false,"statementMap":{"0":{"start":{"line":1,"column":0},"end":{"line":1,"column":52}},"1":{"start":{"line":2,"column":0},"end":{"line":2,"column":71}},"2":{"start":{"line":3,"column":0},"end":{"line":3,"column":69}},"3":{"start":{"line":4,"column":0},"end":{"line":4,"column":71}},"4":{"start":{"line":5,"column":0},"end":{"line":5,"column":69}},"5":{"start":{"line":6,"column":0},"end":{"line":6,"column":69}},"6":{"start":{"line":7,"column":0},"end":{"line":7,"column":71}},"7":{"start":{"line":8,"column":0},"end":{"line":8,"column":61}},"8":{"start":{"line":9,"column":0},"end":{"line":9,"column":34}},"9":{"start":{"line":10,"column":0},"end":{"line":10,"column":32}},"10":{"start":{"line":11,"column":0},"end":{"line":11,"column":28}},"11":{"start":{"line":12,"column":0},"end":{"line":12,"column":0}},"12":{"start":{"line":13,"column":0},"end":{"line":13,"column":21}},"13":{"start":{"line":14,"column":0},"end":{"line":14,"column":43}},"14":{"start":{"line":15,"column":0},"end":{"line":15,"column":16}},"15":{"start":{"line":16,"column":0},"end":{"line":16,"column":55}},"16":{"start":{"line":17,"column":0},"end":{"line":17,"column":58}},"17":{"start":{"line":18,"column":0},"end":{"line":18,"column":52}},"18":{"start":{"line":19,"column":0},"end":{"line":19,"column":20}},"19":{"start":{"line":20,"column":0},"end":{"line":20,"column":69}},"20":{"start":{"line":21,"column":0},"end":{"line":21,"column":73}},"21":{"start":{"line":22,"column":0},"end":{"line":22,"column":70}},"22":{"start":{"line":23,"column":0},"end":{"line":23,"column":15}},"23":{"start":{"line":24,"column":0},"end":{"line":24,"column":56}},"24":{"start":{"line":25,"column":0},"end":{"line":25,"column":47}},"25":{"start":{"line":26,"column":0},"end":{"line":26,"column":9}},"26":{"start":{"line":27,"column":0},"end":{"line":27,"column":62}},"27":{"start":{"line":28,"column":0},"end":{"line":28,"column":47}},"28":{"start":{"line":29,"column":0},"end":{"line":29,"column":9}},"29":{"start":{"line":30,"column":0},"end":{"line":30,"column":63}},"30":{"start":{"line":31,"column":0},"end":{"line":31,"column":48}},"31":{"start":{"line":32,"column":0},"end":{"line":32,"column":9}},"32":{"start":{"line":33,"column":0},"end":{"line":33,"column":0}},"33":{"start":{"line":34,"column":0},"end":{"line":34,"column":20}},"34":{"start":{"line":35,"column":0},"end":{"line":35,"column":4}},"35":{"start":{"line":36,"column":0},"end":{"line":36,"column":1}}},"s":{"0":1,"1":1,"2":1,"3":1,"4":1,"5":1,"6":1,"7":1,"8":1,"9":1,"10":1,"11":1,"12":1,"13":1,"14":1,"15":1,"16":1,"17":1,"18":1,"19":1,"20":1,"21":1,"22":1,"23":1,"24":1,"25":1,"26":1,"27":3,"28":1,"29":1,"30":3,"31":1,"32":1,"33":1,"34":1,"35":1},"branchMap":{"0":{"type":"branch","line":10,"loc":{"start":{"line":10,"column":10},"end":{"line":35,"column":4}},"locations":[{"start":{"line":10,"column":10},"end":{"line":35,"column":4}}]},"1":{"type":"branch","line":24,"loc":{"start":{"line":24,"column":22},"end":{"line":26,"column":7}},"locations":[{"start":{"line":24,"column":22},"end":{"line":26,"column":7}}]},"2":{"type":"branch","line":27,"loc":{"start":{"line":27,"column":28},"end":{"line":29,"column":7}},"locations":[{"start":{"line":27,"column":28},"end":{"line":29,"column":7}}]},"3":{"type":"branch","line":30,"loc":{"start":{"line":30,"column":29},"end":{"line":32,"column":7}},"locations":[{"start":{"line":30,"column":29},"end":{"line":32,"column":7}}]}},"b":{"0":[1],"1":[1],"2":[3],"3":[3]},"fnMap":{"0":{"name":"initRoutes","decl":{"start":{"line":10,"column":10},"end":{"line":35,"column":4}},"loc":{"start":{"line":10,"column":10},"end":{"line":35,"column":4}},"line":10}},"f":{"0":1}}
}
