TN:
SF:src/core/domain/errors/domainError.ts
FN:4,DomainError
FNF:1
FNH:1
FNDA:2,DomainError
DA:1,1
DA:2,1
DA:3,1
DA:4,1
DA:5,2
DA:6,2
DA:7,2
DA:8,2
DA:9,1
LF:9
LH:9
BRDA:4,0,0,2
BRDA:7,1,0,0
BRF:2
BRH:1
end_of_record
TN:
SF:src/core/domain/errors/notFoundError.ts
FN:4,NotFoundError
FNF:1
FNH:1
FNDA:1,NotFoundError
DA:1,1
DA:2,1
DA:3,1
DA:4,1
DA:5,1
DA:6,1
DA:7,1
DA:8,1
LF:8
LH:8
BRDA:4,0,0,1
BRF:1
BRH:1
end_of_record
TN:
SF:src/core/infra/database/connections/connections.ts
FN:6,getConnection
FN:13,initConnection
FN:17,closeConnection
FNF:3
FNH:3
FNDA:2,getConnection
FNDA:1,initConnection
FNDA:1,closeConnection
DA:1,1
DA:2,1
DA:3,1
DA:4,1
DA:5,1
DA:6,1
DA:7,2
DA:8,0
DA:9,0
DA:10,2
DA:11,2
DA:12,1
DA:13,1
DA:14,1
DA:15,1
DA:16,1
DA:17,1
DA:18,1
DA:19,1
DA:20,1
DA:21,1
DA:22,1
LF:22
LH:20
BRDA:6,0,0,2
BRDA:7,1,0,0
BRDA:13,2,0,1
BRDA:14,3,0,0
BRDA:17,4,0,1
BRF:5
BRH:3
end_of_record
TN:
SF:src/core/infra/database/connections/redis.ts
FN:7,initConnection
FN:13,getConnection
FN:21,closeConnection
FNF:3
FNH:3
FNDA:1,initConnection
FNDA:1,getConnection
FNDA:1,closeConnection
DA:1,1
DA:2,1
DA:3,1
DA:4,1
DA:5,1
DA:6,1
DA:7,1
DA:8,1
DA:9,1
DA:10,1
DA:11,1
DA:12,1
DA:13,1
DA:14,1
DA:15,0
DA:16,0
DA:17,1
DA:18,1
DA:19,1
DA:20,1
DA:21,1
DA:22,1
DA:23,1
DA:24,0
DA:25,1
DA:26,1
LF:26
LH:23
BRDA:7,0,0,1
BRDA:13,1,0,1
BRDA:14,2,0,0
BRDA:21,3,0,1
BRDA:24,4,0,0
BRF:5
BRH:3
end_of_record
TN:
SF:src/core/infra/database/entities/notes.ts
FNF:0
FNH:0
DA:1,1
DA:2,1
DA:3,1
DA:4,1
DA:5,1
DA:6,1
DA:7,1
DA:8,1
DA:9,1
DA:10,1
DA:11,1
DA:12,1
DA:13,1
DA:14,1
DA:15,1
DA:16,1
DA:17,1
DA:18,1
DA:19,1
DA:20,1
DA:21,1
DA:22,1
DA:23,1
DA:24,1
DA:25,1
DA:26,1
DA:27,1
DA:28,1
DA:29,1
DA:30,1
DA:31,1
DA:32,1
LF:32
LH:32
BRDA:22,0,0,1
BRDA:22,1,0,1
BRF:2
BRH:2
end_of_record
TN:
SF:src/core/infra/database/entities/users.ts
FNF:0
FNH:0
DA:1,1
DA:2,1
DA:3,1
DA:4,1
DA:5,1
DA:6,1
DA:7,1
DA:8,1
DA:9,1
DA:10,1
DA:11,1
DA:12,1
DA:13,1
DA:14,1
DA:15,1
DA:16,1
DA:17,1
DA:18,1
DA:19,1
DA:20,1
DA:21,1
DA:22,1
DA:23,1
LF:23
LH:23
BRDA:21,0,0,1
BRDA:21,1,0,1
BRF:2
BRH:2
end_of_record
TN:
SF:src/core/infra/repositories/cacheRepository.ts
FN:7,CacheRepository
FN:11,set
FN:18,get
FN:23,delete
FNF:4
FNH:4
FNDA:1,CacheRepository
FNDA:1,set
FNDA:1,get
FNDA:1,delete
DA:1,1
DA:2,1
DA:3,1
DA:4,1
DA:5,1
DA:6,1
DA:7,1
DA:8,1
DA:9,1
DA:10,1
DA:11,1
DA:12,1
DA:13,1
DA:14,0
DA:15,0
DA:16,1
DA:17,1
DA:18,1
DA:19,1
DA:20,1
DA:21,1
DA:22,1
DA:23,1
DA:24,1
DA:25,1
DA:26,1
LF:26
LH:24
BRDA:7,0,0,1
BRDA:11,1,0,1
BRDA:13,2,0,0
BRDA:18,3,0,1
BRDA:20,4,0,0
BRDA:23,5,0,1
BRF:6
BRH:4
end_of_record
TN:
SF:src/core/presentation/helpers/httpHandlers.ts
FN:3,ok
FN:11,serverError
FN:19,badRequest
FNF:3
FNH:2
FNDA:1,ok
FNDA:0,serverError
FNDA:2,badRequest
DA:1,1
DA:2,1
DA:3,1
DA:4,1
DA:5,1
DA:6,1
DA:7,1
DA:8,1
DA:9,1
DA:10,1
DA:11,1
DA:12,0
DA:13,0
DA:14,0
DA:15,0
DA:16,0
DA:17,0
DA:18,1
DA:19,1
DA:20,2
DA:21,2
DA:22,2
DA:23,2
DA:24,2
LF:24
LH:18
BRDA:3,0,0,1
BRDA:19,1,0,2
BRF:2
BRH:2
end_of_record
TN:
SF:src/core/presentation/server/routes.ts
FN:5,makeRoutes
FNF:1
FNH:1
FNDA:1,makeRoutes
DA:1,1
DA:2,1
DA:3,1
DA:4,1
DA:5,1
DA:6,1
DA:7,1
DA:8,1
LF:8
LH:8
BRDA:5,0,0,1
BRF:1
BRH:1
end_of_record
TN:
SF:src/core/presentation/server/server.ts
FN:5,createServer
FN:15,initServer
FNF:2
FNH:1
FNDA:1,createServer
FNDA:0,initServer
DA:1,1
DA:2,1
DA:3,1
DA:4,1
DA:5,1
DA:6,1
DA:7,1
DA:8,1
DA:9,1
DA:10,1
DA:11,1
DA:12,1
DA:13,1
DA:14,1
DA:15,1
DA:16,0
DA:17,0
DA:18,0
DA:19,0
LF:19
LH:15
BRDA:5,0,0,1
BRF:1
BRH:1
end_of_record
TN:
SF:src/features/notes/domain/errors/idError.ts
FN:4,IdError
FNF:1
FNH:0
FNDA:0,IdError
DA:1,1
DA:2,1
DA:3,1
DA:4,1
DA:5,0
DA:6,0
DA:7,0
DA:8,1
LF:8
LH:5
BRF:0
BRH:0
end_of_record
TN:
SF:src/features/notes/domain/errors/lengthError.ts
FN:4,LengthError
FNF:1
FNH:0
FNDA:0,LengthError
DA:1,1
DA:2,1
DA:3,1
DA:4,1
DA:5,0
DA:6,0
DA:7,0
DA:8,1
LF:8
LH:5
BRF:0
BRH:0
end_of_record
TN:
SF:src/features/notes/domain/usecase/createNoteUsecase.ts
FN:10,CreateNoteUsecase
FN:12,run
FNF:2
FNH:2
FNDA:1,CreateNoteUsecase
FNDA:1,run
DA:1,1
DA:2,1
DA:3,1
DA:4,1
DA:5,1
DA:6,1
DA:7,1
DA:8,1
DA:9,1
DA:10,1
DA:11,1
DA:12,1
DA:13,1
DA:14,0
DA:15,0
DA:16,1
DA:17,1
DA:18,0
DA:19,0
DA:20,1
DA:21,1
DA:22,0
DA:23,0
DA:24,1
DA:25,1
DA:26,1
DA:27,1
DA:28,1
DA:29,1
DA:30,1
DA:31,1
DA:32,1
DA:33,1
DA:34,1
LF:34
LH:28
BRDA:10,0,0,1
BRDA:12,1,0,1
BRDA:13,2,0,0
BRDA:17,3,0,0
BRDA:21,4,0,0
BRF:5
BRH:2
end_of_record
TN:
SF:src/features/notes/domain/usecase/deleteNoteUsecase.ts
FN:8,DeleteNoteUsecase
FN:10,run
FNF:2
FNH:2
FNDA:1,DeleteNoteUsecase
FNDA:1,run
DA:1,1
DA:2,1
DA:3,1
DA:4,1
DA:5,1
DA:6,1
DA:7,1
DA:8,1
DA:9,1
DA:10,1
DA:11,1
DA:12,0
DA:13,0
DA:14,1
DA:15,1
DA:16,1
DA:17,1
DA:18,1
DA:19,1
LF:19
LH:17
BRDA:8,0,0,1
BRDA:10,1,0,1
BRDA:11,2,0,0
BRF:3
BRH:2
end_of_record
TN:
SF:src/features/notes/domain/usecase/listNotesUsecase.ts
FN:10,ListNotesUsecase
FN:12,run
FNF:2
FNH:2
FNDA:1,ListNotesUsecase
FNDA:1,run
DA:1,1
DA:2,1
DA:3,1
DA:4,1
DA:5,1
DA:6,1
DA:7,1
DA:8,1
DA:9,1
DA:10,1
DA:11,1
DA:12,1
DA:13,1
DA:14,0
DA:15,0
DA:16,1
DA:17,1
DA:18,1
DA:19,1
DA:20,0
DA:21,0
DA:22,1
DA:23,1
DA:24,1
DA:25,1
DA:26,0
DA:27,0
DA:28,1
DA:29,1
DA:30,1
DA:31,1
DA:32,1
DA:33,1
LF:33
LH:27
BRDA:10,0,0,1
BRDA:12,1,0,1
BRDA:13,2,0,0
BRDA:19,3,0,0
BRDA:25,4,0,0
BRF:5
BRH:2
end_of_record
TN:
SF:src/features/notes/domain/usecase/updateNoteUsecase.ts
FN:9,UpdateNoteUsecase
FN:11,run
FNF:2
FNH:2
FNDA:1,UpdateNoteUsecase
FNDA:1,run
DA:1,1
DA:2,1
DA:3,1
DA:4,1
DA:5,1
DA:6,1
DA:7,1
DA:8,1
DA:9,1
DA:10,1
DA:11,1
DA:12,1
DA:13,0
DA:14,0
DA:15,1
DA:16,1
DA:17,0
DA:18,0
DA:19,1
DA:20,1
DA:21,0
DA:22,0
DA:23,1
DA:24,1
DA:25,1
DA:26,1
DA:27,1
DA:28,1
LF:28
LH:22
BRDA:9,0,0,1
BRDA:11,1,0,1
BRDA:12,2,0,0
BRDA:16,3,0,0
BRDA:20,4,0,0
BRF:5
BRH:2
end_of_record
TN:
SF:src/features/notes/infra/repositories/notesRepository.ts
FN:8,NotesRepository
FN:12,list
FN:22,create
FN:26,update
FN:33,delete
FN:37,clear
FNF:6
FNH:5
FNDA:1,NotesRepository
FNDA:1,list
FNDA:1,create
FNDA:1,update
FNDA:1,delete
FNDA:0,clear
DA:1,1
DA:2,1
DA:3,1
DA:4,1
DA:5,1
DA:6,1
DA:7,1
DA:8,1
DA:9,1
DA:10,1
DA:11,1
DA:12,1
DA:13,1
DA:14,1
DA:15,1
DA:16,1
DA:17,1
DA:18,1
DA:19,1
DA:20,1
DA:21,1
DA:22,1
DA:23,1
DA:24,1
DA:25,1
DA:26,1
DA:27,1
DA:28,1
DA:29,1
DA:30,1
DA:31,1
DA:32,1
DA:33,1
DA:34,1
DA:35,1
DA:36,1
DA:37,1
DA:38,0
DA:39,0
DA:40,1
LF:40
LH:38
BRDA:8,0,0,1
BRDA:12,1,0,1
BRDA:22,2,0,1
BRDA:26,3,0,1
BRDA:33,4,0,1
BRF:5
BRH:5
end_of_record
TN:
SF:src/features/notes/presentation/controllers/createNoteController.ts
FN:7,CreateNoteController
FN:9,execute
FNF:2
FNH:2
FNDA:1,CreateNoteController
FNDA:3,execute
DA:1,1
DA:2,1
DA:3,1
DA:4,1
DA:5,1
DA:6,1
DA:7,1
DA:8,1
DA:9,1
DA:10,3
DA:11,3
DA:12,3
DA:13,3
DA:14,3
DA:15,0
DA:16,0
DA:17,3
DA:18,1
DA:19,1
DA:20,3
DA:21,1
DA:22,1
DA:23,1
DA:24,1
DA:25,1
DA:26,1
DA:27,3
DA:28,0
DA:29,0
DA:30,3
DA:31,1
LF:31
LH:27
BRDA:7,0,0,1
BRDA:9,1,0,3
BRDA:14,2,0,0
BRDA:17,3,0,1
BRDA:20,4,0,1
BRDA:27,5,0,0
BRF:6
BRH:4
end_of_record
TN:
SF:src/features/notes/presentation/controllers/deleteNoteController.ts
FN:7,DeleteNoteController
FN:9,execute
FNF:2
FNH:2
FNDA:1,DeleteNoteController
FNDA:1,execute
DA:1,1
DA:2,1
DA:3,1
DA:4,1
DA:5,1
DA:6,1
DA:7,1
DA:8,1
DA:9,1
DA:10,1
DA:11,1
DA:12,1
DA:13,0
DA:14,0
DA:15,1
DA:16,1
DA:17,1
DA:18,1
DA:19,1
DA:20,0
DA:21,0
DA:22,1
DA:23,1
LF:23
LH:19
BRDA:7,0,0,1
BRDA:9,1,0,1
BRDA:12,2,0,0
BRDA:19,3,0,0
BRF:4
BRH:2
end_of_record
TN:
SF:src/features/notes/presentation/controllers/listNotesController.ts
FN:7,ListNotesController
FN:9,execute
FNF:2
FNH:2
FNDA:1,ListNotesController
FNDA:1,execute
DA:1,1
DA:2,1
DA:3,1
DA:4,1
DA:5,1
DA:6,1
DA:7,1
DA:8,1
DA:9,1
DA:10,1
DA:11,1
DA:12,1
DA:13,1
DA:14,0
DA:15,0
DA:16,1
DA:17,1
DA:18,1
DA:19,1
DA:20,1
DA:21,0
DA:22,0
DA:23,1
DA:24,1
LF:24
LH:20
BRDA:7,0,0,1
BRDA:9,1,0,1
BRDA:13,2,0,0
BRDA:20,3,0,0
BRF:4
BRH:2
end_of_record
TN:
SF:src/features/notes/presentation/controllers/updateNoteController.ts
FN:8,UpdateNoteController
FN:10,execute
FNF:2
FNH:2
FNDA:1,UpdateNoteController
FNDA:3,execute
DA:1,1
DA:2,1
DA:3,1
DA:4,1
DA:5,1
DA:6,1
DA:7,1
DA:8,1
DA:9,1
DA:10,1
DA:11,3
DA:12,3
DA:13,3
DA:14,3
DA:15,0
DA:16,0
DA:17,3
DA:18,1
DA:19,1
DA:20,3
DA:21,1
DA:22,1
DA:23,1
DA:24,1
DA:25,1
DA:26,1
DA:27,3
DA:28,0
DA:29,0
DA:30,3
DA:31,1
LF:31
LH:27
BRDA:8,0,0,1
BRDA:10,1,0,3
BRDA:14,2,0,0
BRDA:17,3,0,1
BRDA:20,4,0,1
BRDA:27,5,0,0
BRF:6
BRH:4
end_of_record
TN:
SF:src/features/notes/presentation/routes/notesRoutes.ts
FN:14,initRouter
FNF:1
FNH:1
FNDA:1,initRouter
DA:1,1
DA:2,1
DA:3,1
DA:4,1
DA:5,1
DA:6,1
DA:7,1
DA:8,1
DA:9,1
DA:10,1
DA:11,1
DA:12,1
DA:13,1
DA:14,1
DA:15,1
DA:16,1
DA:17,1
DA:18,1
DA:19,1
DA:20,1
DA:21,1
DA:22,1
DA:23,1
DA:24,1
DA:25,1
DA:26,1
DA:27,1
DA:28,1
DA:29,1
DA:30,1
DA:31,1
DA:32,1
DA:33,1
DA:34,3
DA:35,1
DA:36,1
DA:37,3
DA:38,1
DA:39,1
DA:40,1
DA:41,1
DA:42,1
DA:43,1
DA:44,1
DA:45,1
LF:45
LH:45
BRDA:14,0,0,1
BRDA:30,1,0,1
BRDA:33,2,0,3
BRDA:36,3,0,3
BRDA:39,4,0,1
BRF:5
BRH:5
end_of_record
TN:
SF:src/features/users/domain/errors/senhaIncorreta.ts
FN:4,senhaIncorreta
FNF:1
FNH:1
FNDA:1,senhaIncorreta
DA:1,1
DA:2,1
DA:3,1
DA:4,1
DA:5,1
DA:6,1
DA:7,1
DA:8,1
LF:8
LH:8
BRDA:4,0,0,1
BRF:1
BRH:1
end_of_record
TN:
SF:src/features/users/domain/errors/usuarioExiste.ts
FN:4,UsuarioExiste
FNF:1
FNH:1
FNDA:1,UsuarioExiste
DA:1,1
DA:2,1
DA:3,1
DA:4,1
DA:5,1
DA:6,1
DA:7,1
DA:8,1
LF:8
LH:8
BRDA:4,0,0,1
BRF:1
BRH:1
end_of_record
TN:
SF:src/features/users/domain/usecase/createUserUsecase.ts
FN:8,CreateUserUsecase
FN:10,run
FNF:2
FNH:2
FNDA:1,CreateUserUsecase
FNDA:1,run
DA:1,1
DA:2,1
DA:3,1
DA:4,1
DA:5,1
DA:6,1
DA:7,1
DA:8,1
DA:9,1
DA:10,1
DA:11,1
DA:12,1
DA:13,1
DA:14,1
DA:15,1
DA:16,1
DA:17,1
DA:18,1
DA:19,1
DA:20,1
DA:21,1
LF:21
LH:21
BRDA:8,0,0,1
BRDA:10,1,0,1
BRDA:13,2,0,0
BRF:3
BRH:2
end_of_record
TN:
SF:src/features/users/domain/usecase/listUsersUsecase.ts
FN:6,ListUsersUsecase
FN:8,run
FNF:2
FNH:2
FNDA:1,ListUsersUsecase
FNDA:1,run
DA:1,1
DA:2,1
DA:3,1
DA:4,1
DA:5,1
DA:6,1
DA:7,1
DA:8,1
DA:9,1
DA:10,1
DA:11,1
DA:12,0
DA:13,0
DA:14,1
DA:15,1
DA:16,1
DA:17,1
LF:17
LH:15
BRDA:6,0,0,1
BRDA:8,1,0,1
BRDA:11,2,0,0
BRF:3
BRH:2
end_of_record
TN:
SF:src/features/users/domain/usecase/loginUsecase.ts
FN:8,LoginUsecase
FN:10,run
FNF:2
FNH:2
FNDA:2,LoginUsecase
FNDA:2,run
DA:1,1
DA:2,1
DA:3,1
DA:4,1
DA:5,1
DA:6,1
DA:7,1
DA:8,1
DA:9,1
DA:10,1
DA:11,2
DA:12,2
DA:13,2
DA:14,1
DA:15,2
DA:16,2
DA:17,2
DA:18,2
DA:19,2
DA:20,1
LF:20
LH:20
BRDA:8,0,0,2
BRDA:10,1,0,2
BRDA:13,2,0,1
BRF:3
BRH:3
end_of_record
TN:
SF:src/features/users/infra/repositories/usersRepository.ts
FN:8,UsersRepository
FN:11,list
FN:14,create
FN:17,findUser
FN:20,clear
FNF:5
FNH:4
FNDA:2,UsersRepository
FNDA:1,list
FNDA:1,create
FNDA:1,findUser
FNDA:0,clear
DA:1,1
DA:2,1
DA:3,1
DA:4,1
DA:5,1
DA:6,1
DA:7,1
DA:8,1
DA:9,2
DA:10,2
DA:11,1
DA:12,1
DA:13,1
DA:14,1
DA:15,1
DA:16,1
DA:17,1
DA:18,1
DA:19,1
DA:20,1
DA:21,0
DA:22,0
DA:23,1
LF:23
LH:21
BRDA:8,0,0,2
BRDA:11,1,0,1
BRDA:14,2,0,1
BRDA:17,3,0,1
BRF:4
BRH:4
end_of_record
TN:
SF:src/features/users/presentation/controllers/createUserController.ts
FN:7,CreateUserController
FN:9,execute
FNF:2
FNH:2
FNDA:1,CreateUserController
FNDA:3,execute
DA:1,1
DA:2,1
DA:3,1
DA:4,1
DA:5,1
DA:6,1
DA:7,1
DA:8,1
DA:9,1
DA:10,3
DA:11,3
DA:12,3
DA:13,3
DA:14,1
DA:15,1
DA:16,3
DA:17,1
DA:18,1
DA:19,1
DA:20,1
DA:21,1
DA:22,1
DA:23,3
DA:24,0
DA:25,0
DA:26,3
DA:27,1
LF:27
LH:25
BRDA:7,0,0,1
BRDA:9,1,0,3
BRDA:13,2,0,1
BRDA:16,3,0,2
BRDA:16,4,0,1
BRDA:23,5,0,0
BRF:6
BRH:5
end_of_record
TN:
SF:src/features/users/presentation/controllers/listUsersController.ts
FN:7,ListUsersController
FN:9,execute
FNF:2
FNH:2
FNDA:1,ListUsersController
FNDA:1,execute
DA:1,1
DA:2,1
DA:3,1
DA:4,1
DA:5,1
DA:6,1
DA:7,1
DA:8,1
DA:9,1
DA:10,1
DA:11,1
DA:12,1
DA:13,1
DA:14,1
DA:15,0
DA:16,0
DA:17,1
DA:18,1
LF:18
LH:16
BRDA:7,0,0,1
BRDA:9,1,0,1
BRDA:14,2,0,0
BRF:3
BRH:2
end_of_record
TN:
SF:src/features/users/presentation/controllers/loginUserController.ts
FN:7,LoginUserController
FN:9,execute
FNF:2
FNH:2
FNDA:1,LoginUserController
FNDA:3,execute
DA:1,1
DA:2,1
DA:3,1
DA:4,1
DA:5,1
DA:6,1
DA:7,1
DA:8,1
DA:9,1
DA:10,3
DA:11,3
DA:12,3
DA:13,3
DA:14,1
DA:15,1
DA:16,3
DA:17,1
DA:18,1
DA:19,1
DA:20,1
DA:21,1
DA:22,1
DA:23,3
DA:24,0
DA:25,0
DA:26,3
DA:27,1
LF:27
LH:25
BRDA:7,0,0,1
BRDA:9,1,0,3
BRDA:13,2,0,1
BRDA:16,3,0,2
BRDA:16,4,0,1
BRDA:23,5,0,0
BRF:6
BRH:5
end_of_record
TN:
SF:src/features/users/presentation/routes/usersRoutes.ts
FN:10,initRoutes
FNF:1
FNH:1
FNDA:1,initRoutes
DA:1,1
DA:2,1
DA:3,1
DA:4,1
DA:5,1
DA:6,1
DA:7,1
DA:8,1
DA:9,1
DA:10,1
DA:11,1
DA:12,1
DA:13,1
DA:14,1
DA:15,1
DA:16,1
DA:17,1
DA:18,1
DA:19,1
DA:20,1
DA:21,1
DA:22,1
DA:23,1
DA:24,1
DA:25,1
DA:26,1
DA:27,1
DA:28,3
DA:29,1
DA:30,1
DA:31,3
DA:32,1
DA:33,1
DA:34,1
DA:35,1
DA:36,1
LF:36
LH:36
BRDA:10,0,0,1
BRDA:24,1,0,1
BRDA:27,2,0,3
BRDA:30,3,0,3
BRF:4
BRH:4
end_of_record
